[4.500s] DEBUG:colcon:Command line arguments: ['/usr/bin/colcon', 'build']
[4.500s] DEBUG:colcon:Parsed command line arguments: Namespace(log_base=None, log_level=None, verb_name='build', build_base='build', install_base='install', merge_install=False, symlink_install=False, test_result_base=None, continue_on_error=False, executor='parallel', parallel_workers=4, event_handlers=None, ignore_user_meta=False, metas=['./colcon.meta'], base_paths=['.'], packages_ignore=None, packages_ignore_regex=None, paths=None, packages_up_to=None, packages_up_to_regex=None, packages_above=None, packages_above_and_dependencies=None, packages_above_depth=None, packages_select_by_dep=None, packages_skip_by_dep=None, packages_skip_up_to=None, packages_select_build_failed=False, packages_skip_build_finished=False, packages_select_test_failures=False, packages_skip_test_passed=False, packages_select=None, packages_skip=None, packages_select_regex=None, packages_skip_regex=None, packages_start=None, packages_end=None, allow_overriding=[], cmake_args=None, cmake_target=None, cmake_target_skip_unavailable=False, cmake_clean_cache=False, cmake_clean_first=False, cmake_force_configure=False, ament_cmake_args=None, catkin_cmake_args=None, catkin_skip_building_tests=False, verb_parser=<colcon_defaults.argument_parser.defaults.DefaultArgumentsDecorator object at 0x7f0d7ec8c340>, verb_extension=<colcon_core.verb.build.BuildVerb object at 0x7f0d7ef526b0>, main=<bound method BuildVerb.main of <colcon_core.verb.build.BuildVerb object at 0x7f0d7ef526b0>>)
[4.701s] Level 1:colcon.colcon_core.package_discovery:discover_packages(colcon_meta) check parameters
[4.701s] Level 1:colcon.colcon_core.package_discovery:discover_packages(recursive) check parameters
[4.702s] Level 1:colcon.colcon_core.package_discovery:discover_packages(ignore) check parameters
[4.702s] Level 1:colcon.colcon_core.package_discovery:discover_packages(path) check parameters
[4.702s] Level 1:colcon.colcon_core.package_discovery:discover_packages(colcon_meta) discover
[4.702s] Level 1:colcon.colcon_core.package_discovery:discover_packages(recursive) discover
[4.702s] INFO:colcon.colcon_core.package_discovery:Crawling recursively for packages in '/home/ines/Documents/challengesRos/signalProcess'
[4.702s] Level 1:colcon.colcon_core.package_identification:_identify(.) by extensions ['ignore', 'ignore_ament_install']
[4.703s] Level 1:colcon.colcon_core.package_identification:_identify(.) by extension 'ignore'
[4.703s] Level 1:colcon.colcon_core.package_identification:_identify(.) by extension 'ignore_ament_install'
[4.703s] Level 1:colcon.colcon_core.package_identification:_identify(.) by extensions ['colcon_pkg']
[4.703s] Level 1:colcon.colcon_core.package_identification:_identify(.) by extension 'colcon_pkg'
[4.703s] Level 1:colcon.colcon_core.package_identification:_identify(.) by extensions ['colcon_meta']
[4.703s] Level 1:colcon.colcon_core.package_identification:_identify(.) by extension 'colcon_meta'
[4.704s] Level 1:colcon.colcon_core.package_identification:_identify(.) by extensions ['ros']
[4.704s] Level 1:colcon.colcon_core.package_identification:_identify(.) by extension 'ros'
[4.744s] Level 1:colcon.colcon_core.package_identification:_identify(.) by extensions ['cmake', 'python']
[4.744s] Level 1:colcon.colcon_core.package_identification:_identify(.) by extension 'cmake'
[4.744s] Level 1:colcon.colcon_core.package_identification:_identify(.) by extension 'python'
[4.744s] Level 1:colcon.colcon_core.package_identification:_identify(.) by extensions ['python_setup_py']
[4.744s] Level 1:colcon.colcon_core.package_identification:_identify(.) by extension 'python_setup_py'
[4.745s] Level 1:colcon.colcon_core.package_identification:_identify(build) by extensions ['ignore', 'ignore_ament_install']
[4.745s] Level 1:colcon.colcon_core.package_identification:_identify(build) by extension 'ignore'
[4.745s] Level 1:colcon.colcon_core.package_identification:_identify(build) ignored
[4.745s] Level 1:colcon.colcon_core.package_identification:_identify(install) by extensions ['ignore', 'ignore_ament_install']
[4.746s] Level 1:colcon.colcon_core.package_identification:_identify(install) by extension 'ignore'
[4.746s] Level 1:colcon.colcon_core.package_identification:_identify(install) ignored
[4.746s] Level 1:colcon.colcon_core.package_identification:_identify(log) by extensions ['ignore', 'ignore_ament_install']
[4.746s] Level 1:colcon.colcon_core.package_identification:_identify(log) by extension 'ignore'
[4.747s] Level 1:colcon.colcon_core.package_identification:_identify(log) ignored
[4.748s] Level 1:colcon.colcon_core.package_identification:_identify(src) by extensions ['ignore', 'ignore_ament_install']
[4.749s] Level 1:colcon.colcon_core.package_identification:_identify(src) by extension 'ignore'
[4.749s] Level 1:colcon.colcon_core.package_identification:_identify(src) by extension 'ignore_ament_install'
[4.749s] Level 1:colcon.colcon_core.package_identification:_identify(src) by extensions ['colcon_pkg']
[4.749s] Level 1:colcon.colcon_core.package_identification:_identify(src) by extension 'colcon_pkg'
[4.749s] Level 1:colcon.colcon_core.package_identification:_identify(src) by extensions ['colcon_meta']
[4.749s] Level 1:colcon.colcon_core.package_identification:_identify(src) by extension 'colcon_meta'
[4.750s] Level 1:colcon.colcon_core.package_identification:_identify(src) by extensions ['ros']
[4.750s] Level 1:colcon.colcon_core.package_identification:_identify(src) by extension 'ros'
[4.750s] Level 1:colcon.colcon_core.package_identification:_identify(src) by extensions ['cmake', 'python']
[4.750s] Level 1:colcon.colcon_core.package_identification:_identify(src) by extension 'cmake'
[4.750s] Level 1:colcon.colcon_core.package_identification:_identify(src) by extension 'python'
[4.750s] Level 1:colcon.colcon_core.package_identification:_identify(src) by extensions ['python_setup_py']
[4.751s] Level 1:colcon.colcon_core.package_identification:_identify(src) by extension 'python_setup_py'
[4.751s] Level 1:colcon.colcon_core.package_identification:_identify(src/signal_comm) by extensions ['ignore', 'ignore_ament_install']
[4.752s] Level 1:colcon.colcon_core.package_identification:_identify(src/signal_comm) by extension 'ignore'
[4.752s] Level 1:colcon.colcon_core.package_identification:_identify(src/signal_comm) by extension 'ignore_ament_install'
[4.752s] Level 1:colcon.colcon_core.package_identification:_identify(src/signal_comm) by extensions ['colcon_pkg']
[4.752s] Level 1:colcon.colcon_core.package_identification:_identify(src/signal_comm) by extension 'colcon_pkg'
[4.753s] Level 1:colcon.colcon_core.package_identification:_identify(src/signal_comm) by extensions ['colcon_meta']
[4.753s] Level 1:colcon.colcon_core.package_identification:_identify(src/signal_comm) by extension 'colcon_meta'
[4.753s] Level 1:colcon.colcon_core.package_identification:_identify(src/signal_comm) by extensions ['ros']
[4.753s] Level 1:colcon.colcon_core.package_identification:_identify(src/signal_comm) by extension 'ros'
[4.762s] DEBUG:colcon.colcon_core.package_identification:Package 'src/signal_comm' with type 'ros.ament_python' and name 'signal_comm'
[4.762s] Level 1:colcon.colcon_core.package_discovery:discover_packages(recursive) using defaults
[4.763s] Level 1:colcon.colcon_core.package_discovery:discover_packages(ignore) discover
[4.763s] Level 1:colcon.colcon_core.package_discovery:discover_packages(ignore) using defaults
[4.763s] Level 1:colcon.colcon_core.package_discovery:discover_packages(path) discover
[4.763s] Level 1:colcon.colcon_core.package_discovery:discover_packages(path) using defaults
[5.193s] Level 1:colcon.colcon_core.package_discovery:discover_packages(prefix_path) check parameters
[5.193s] Level 1:colcon.colcon_core.package_discovery:discover_packages(prefix_path) discover
[5.349s] DEBUG:colcon.colcon_installed_package_information.package_discovery:Found 270 installed packages in /opt/ros/humble
[5.357s] Level 1:colcon.colcon_core.package_discovery:discover_packages(prefix_path) using defaults
[5.810s] Level 5:colcon.colcon_core.verb:set package 'signal_comm' build argument 'cmake_args' from command line to 'None'
[5.810s] Level 5:colcon.colcon_core.verb:set package 'signal_comm' build argument 'cmake_target' from command line to 'None'
[5.811s] Level 5:colcon.colcon_core.verb:set package 'signal_comm' build argument 'cmake_target_skip_unavailable' from command line to 'False'
[5.811s] Level 5:colcon.colcon_core.verb:set package 'signal_comm' build argument 'cmake_clean_cache' from command line to 'False'
[5.811s] Level 5:colcon.colcon_core.verb:set package 'signal_comm' build argument 'cmake_clean_first' from command line to 'False'
[5.811s] Level 5:colcon.colcon_core.verb:set package 'signal_comm' build argument 'cmake_force_configure' from command line to 'False'
[5.811s] Level 5:colcon.colcon_core.verb:set package 'signal_comm' build argument 'ament_cmake_args' from command line to 'None'
[5.811s] Level 5:colcon.colcon_core.verb:set package 'signal_comm' build argument 'catkin_cmake_args' from command line to 'None'
[5.811s] Level 5:colcon.colcon_core.verb:set package 'signal_comm' build argument 'catkin_skip_building_tests' from command line to 'False'
[5.811s] DEBUG:colcon.colcon_core.verb:Building package 'signal_comm' with the following arguments: {'ament_cmake_args': None, 'build_base': '/home/ines/Documents/challengesRos/signalProcess/build/signal_comm', 'catkin_cmake_args': None, 'catkin_skip_building_tests': False, 'cmake_args': None, 'cmake_clean_cache': False, 'cmake_clean_first': False, 'cmake_force_configure': False, 'cmake_target': None, 'cmake_target_skip_unavailable': False, 'install_base': '/home/ines/Documents/challengesRos/signalProcess/install/signal_comm', 'merge_install': False, 'path': '/home/ines/Documents/challengesRos/signalProcess/src/signal_comm', 'symlink_install': False, 'test_result_base': None}
[5.864s] INFO:colcon.colcon_core.executor:Executing jobs using 'parallel' executor
[5.944s] DEBUG:colcon.colcon_parallel_executor.executor.parallel:run_until_complete
[5.945s] INFO:colcon.colcon_ros.task.ament_python.build:Building ROS package in '/home/ines/Documents/challengesRos/signalProcess/src/signal_comm' with build type 'ament_python'
[5.945s] Level 1:colcon.colcon_core.shell:create_environment_hook('signal_comm', 'ament_prefix_path')
[6.015s] INFO:colcon.colcon_core.plugin_system:Skipping extension 'colcon_core.shell.bat': Not used on non-Windows systems
[6.015s] INFO:colcon.colcon_core.shell:Creating environment hook '/home/ines/Documents/challengesRos/signalProcess/install/signal_comm/share/signal_comm/hook/ament_prefix_path.ps1'
[6.018s] INFO:colcon.colcon_core.shell:Creating environment descriptor '/home/ines/Documents/challengesRos/signalProcess/install/signal_comm/share/signal_comm/hook/ament_prefix_path.dsv'
[6.020s] INFO:colcon.colcon_core.shell:Creating environment hook '/home/ines/Documents/challengesRos/signalProcess/install/signal_comm/share/signal_comm/hook/ament_prefix_path.sh'
[6.081s] INFO:colcon.colcon_core.shell:Skip shell extension 'powershell' for command environment: Not usable outside of PowerShell
[6.082s] DEBUG:colcon.colcon_core.shell:Skip shell extension 'dsv' for command environment
[7.174s] INFO:colcon.colcon_core.task.python.build:Building Python package in '/home/ines/Documents/challengesRos/signalProcess/src/signal_comm'
[7.226s] INFO:colcon.colcon_core.shell:Skip shell extension 'powershell' for command environment: Not usable outside of PowerShell
[7.226s] DEBUG:colcon.colcon_core.shell:Skip shell extension 'dsv' for command environment
[8.544s] DEBUG:colcon.colcon_core.event_handler.log_command:Invoking command in '/home/ines/Documents/challengesRos/signalProcess/src/signal_comm': PYTHONPATH=/home/ines/Documents/challengesRos/signalProcess/build/signal_comm/prefix_override:/home/ines/Documents/challengesRos/signalProcess/install/signal_comm/lib/python3.10/site-packages:${PYTHONPATH} /usr/bin/python3 setup.py egg_info --egg-base ../../build/signal_comm build --build-base /home/ines/Documents/challengesRos/signalProcess/build/signal_comm/build install --record /home/ines/Documents/challengesRos/signalProcess/build/signal_comm/install.log --single-version-externally-managed
[9.574s] DEBUG:colcon.colcon_core.event_handler.log_command:Invoked command in '/home/ines/Documents/challengesRos/signalProcess/src/signal_comm' returned '0': PYTHONPATH=/home/ines/Documents/challengesRos/signalProcess/build/signal_comm/prefix_override:/home/ines/Documents/challengesRos/signalProcess/install/signal_comm/lib/python3.10/site-packages:${PYTHONPATH} /usr/bin/python3 setup.py egg_info --egg-base ../../build/signal_comm build --build-base /home/ines/Documents/challengesRos/signalProcess/build/signal_comm/build install --record /home/ines/Documents/challengesRos/signalProcess/build/signal_comm/install.log --single-version-externally-managed
[9.640s] Level 1:colcon.colcon_core.environment:checking '/home/ines/Documents/challengesRos/signalProcess/install/signal_comm' for CMake module files
[9.642s] Level 1:colcon.colcon_core.environment:checking '/home/ines/Documents/challengesRos/signalProcess/install/signal_comm' for CMake config files
[9.645s] Level 1:colcon.colcon_core.environment:checking '/home/ines/Documents/challengesRos/signalProcess/install/signal_comm/lib'
[9.645s] Level 1:colcon.colcon_core.environment:checking '/home/ines/Documents/challengesRos/signalProcess/install/signal_comm/bin'
[9.646s] Level 1:colcon.colcon_core.environment:checking '/home/ines/Documents/challengesRos/signalProcess/install/signal_comm/lib/pkgconfig/signal_comm.pc'
[9.647s] Level 1:colcon.colcon_core.environment:checking '/home/ines/Documents/challengesRos/signalProcess/install/signal_comm/lib/python3.10/site-packages'
[9.647s] Level 1:colcon.colcon_core.shell:create_environment_hook('signal_comm', 'pythonpath')
[9.722s] INFO:colcon.colcon_core.shell:Creating environment hook '/home/ines/Documents/challengesRos/signalProcess/install/signal_comm/share/signal_comm/hook/pythonpath.ps1'
[9.723s] INFO:colcon.colcon_core.shell:Creating environment descriptor '/home/ines/Documents/challengesRos/signalProcess/install/signal_comm/share/signal_comm/hook/pythonpath.dsv'
[9.725s] INFO:colcon.colcon_core.shell:Creating environment hook '/home/ines/Documents/challengesRos/signalProcess/install/signal_comm/share/signal_comm/hook/pythonpath.sh'
[9.727s] Level 1:colcon.colcon_core.environment:checking '/home/ines/Documents/challengesRos/signalProcess/install/signal_comm/bin'
[9.728s] Level 1:colcon.colcon_core.environment:create_environment_scripts_only(signal_comm)
[9.790s] INFO:colcon.colcon_core.shell:Creating package script '/home/ines/Documents/challengesRos/signalProcess/install/signal_comm/share/signal_comm/package.ps1'
[9.793s] INFO:colcon.colcon_core.shell:Creating package descriptor '/home/ines/Documents/challengesRos/signalProcess/install/signal_comm/share/signal_comm/package.dsv'
[9.795s] INFO:colcon.colcon_core.shell:Creating package script '/home/ines/Documents/challengesRos/signalProcess/install/signal_comm/share/signal_comm/package.sh'
[9.798s] INFO:colcon.colcon_core.shell:Creating package script '/home/ines/Documents/challengesRos/signalProcess/install/signal_comm/share/signal_comm/package.bash'
[9.801s] INFO:colcon.colcon_core.shell:Creating package script '/home/ines/Documents/challengesRos/signalProcess/install/signal_comm/share/signal_comm/package.zsh'
[9.803s] Level 1:colcon.colcon_core.environment:create_file_with_runtime_dependencies(/home/ines/Documents/challengesRos/signalProcess/install/signal_comm/share/colcon-core/packages/signal_comm)
[9.804s] DEBUG:colcon.colcon_parallel_executor.executor.parallel:closing loop
[9.805s] DEBUG:colcon.colcon_parallel_executor.executor.parallel:loop closed
[9.806s] DEBUG:colcon.colcon_parallel_executor.executor.parallel:run_until_complete finished with '0'
[9.806s] DEBUG:colcon.colcon_core.event_reactor:joining thread
[9.892s] INFO:colcon.colcon_core.plugin_system:Skipping extension 'colcon_notification.desktop_notification.terminal_notifier': Not used on non-Darwin systems
[9.892s] INFO:colcon.colcon_core.plugin_system:Skipping extension 'colcon_notification.desktop_notification.win32': Not used on non-Windows systems
[9.892s] INFO:colcon.colcon_notification.desktop_notification:Sending desktop notification using 'notify2'
[9.935s] DEBUG:colcon.colcon_core.event_reactor:joined thread
[10.017s] INFO:colcon.colcon_core.shell:Creating prefix script '/home/ines/Documents/challengesRos/signalProcess/install/local_setup.ps1'
[10.021s] INFO:colcon.colcon_core.shell:Creating prefix util module '/home/ines/Documents/challengesRos/signalProcess/install/_local_setup_util_ps1.py'
[10.026s] INFO:colcon.colcon_core.shell:Creating prefix chain script '/home/ines/Documents/challengesRos/signalProcess/install/setup.ps1'
[10.114s] INFO:colcon.colcon_core.shell:Creating prefix script '/home/ines/Documents/challengesRos/signalProcess/install/local_setup.sh'
[10.115s] INFO:colcon.colcon_core.shell:Creating prefix util module '/home/ines/Documents/challengesRos/signalProcess/install/_local_setup_util_sh.py'
[10.117s] INFO:colcon.colcon_core.shell:Creating prefix chain script '/home/ines/Documents/challengesRos/signalProcess/install/setup.sh'
[10.203s] INFO:colcon.colcon_core.shell:Creating prefix script '/home/ines/Documents/challengesRos/signalProcess/install/local_setup.bash'
[10.206s] INFO:colcon.colcon_core.shell:Creating prefix chain script '/home/ines/Documents/challengesRos/signalProcess/install/setup.bash'
[10.276s] INFO:colcon.colcon_core.shell:Creating prefix script '/home/ines/Documents/challengesRos/signalProcess/install/local_setup.zsh'
[10.277s] INFO:colcon.colcon_core.shell:Creating prefix chain script '/home/ines/Documents/challengesRos/signalProcess/install/setup.zsh'
