[2.050s] Invoking command in '/home/ines/Documents/challengesRos/challenge2/src/signal_comm': PYTHONPATH=/home/ines/Documents/challengesRos/challenge2/build/signal_comm/prefix_override:/home/ines/Documents/challengesRos/challenge2/install/signal_comm/lib/python3.10/site-packages:${PYTHONPATH} /usr/bin/python3 setup.py egg_info --egg-base ../../build/signal_comm build --build-base /home/ines/Documents/challengesRos/challenge2/build/signal_comm/build install --record /home/ines/Documents/challengesRos/challenge2/build/signal_comm/install.log --single-version-externally-managed
[2.745s] running egg_info
[2.748s] writing ../../build/signal_comm/signal_comm.egg-info/PKG-INFO
[2.749s] writing dependency_links to ../../build/signal_comm/signal_comm.egg-info/dependency_links.txt
[2.749s] writing entry points to ../../build/signal_comm/signal_comm.egg-info/entry_points.txt
[2.750s] writing requirements to ../../build/signal_comm/signal_comm.egg-info/requires.txt
[2.750s] writing top-level names to ../../build/signal_comm/signal_comm.egg-info/top_level.txt
[2.755s] reading manifest file '../../build/signal_comm/signal_comm.egg-info/SOURCES.txt'
[2.758s] writing manifest file '../../build/signal_comm/signal_comm.egg-info/SOURCES.txt'
[2.758s] running build
[2.759s] running build_py
[2.759s] running install
[2.760s] /usr/lib/python3/dist-packages/setuptools/command/install.py:34: SetuptoolsDeprecationWarning: setup.py install is deprecated. Use build and pip and other standards-based tools.
[2.760s]   warnings.warn(
[2.761s] running install_lib
[2.765s] running install_data
[2.766s] running install_egg_info
[2.770s] removing '/home/ines/Documents/challengesRos/challenge2/install/signal_comm/lib/python3.10/site-packages/signal_comm-0.0.0-py3.10.egg-info' (and everything under it)
[2.771s] Copying ../../build/signal_comm/signal_comm.egg-info to /home/ines/Documents/challengesRos/challenge2/install/signal_comm/lib/python3.10/site-packages/signal_comm-0.0.0-py3.10.egg-info
[2.774s] running install_scripts
[2.825s] Installing process script to /home/ines/Documents/challengesRos/challenge2/install/signal_comm/lib/signal_comm
[2.829s] Installing signal_generator script to /home/ines/Documents/challengesRos/challenge2/install/signal_comm/lib/signal_comm
[2.829s] writing list of installed files to '/home/ines/Documents/challengesRos/challenge2/build/signal_comm/install.log'
[2.883s] Invoked command in '/home/ines/Documents/challengesRos/challenge2/src/signal_comm' returned '0': PYTHONPATH=/home/ines/Documents/challengesRos/challenge2/build/signal_comm/prefix_override:/home/ines/Documents/challengesRos/challenge2/install/signal_comm/lib/python3.10/site-packages:${PYTHONPATH} /usr/bin/python3 setup.py egg_info --egg-base ../../build/signal_comm build --build-base /home/ines/Documents/challengesRos/challenge2/build/signal_comm/build install --record /home/ines/Documents/challengesRos/challenge2/build/signal_comm/install.log --single-version-externally-managed
