[3.677s] DEBUG:colcon:Command line arguments: ['/usr/bin/colcon', 'build']
[3.677s] DEBUG:colcon:Parsed command line arguments: Namespace(log_base=None, log_level=None, verb_name='build', build_base='build', install_base='install', merge_install=False, symlink_install=False, test_result_base=None, continue_on_error=False, executor='parallel', parallel_workers=4, event_handlers=None, ignore_user_meta=False, metas=['./colcon.meta'], base_paths=['.'], packages_ignore=None, packages_ignore_regex=None, paths=None, packages_up_to=None, packages_up_to_regex=None, packages_above=None, packages_above_and_dependencies=None, packages_above_depth=None, packages_select_by_dep=None, packages_skip_by_dep=None, packages_skip_up_to=None, packages_select_build_failed=False, packages_skip_build_finished=False, packages_select_test_failures=False, packages_skip_test_passed=False, packages_select=None, packages_skip=None, packages_select_regex=None, packages_skip_regex=None, packages_start=None, packages_end=None, allow_overriding=[], cmake_args=None, cmake_target=None, cmake_target_skip_unavailable=False, cmake_clean_cache=False, cmake_clean_first=False, cmake_force_configure=False, ament_cmake_args=None, catkin_cmake_args=None, catkin_skip_building_tests=False, verb_parser=<colcon_defaults.argument_parser.defaults.DefaultArgumentsDecorator object at 0x7f9d91afb790>, verb_extension=<colcon_core.verb.build.BuildVerb object at 0x7f9d91d76830>, main=<bound method BuildVerb.main of <colcon_core.verb.build.BuildVerb object at 0x7f9d91d76830>>)
[3.940s] Level 1:colcon.colcon_core.package_discovery:discover_packages(colcon_meta) check parameters
[3.941s] Level 1:colcon.colcon_core.package_discovery:discover_packages(recursive) check parameters
[3.941s] Level 1:colcon.colcon_core.package_discovery:discover_packages(ignore) check parameters
[3.941s] Level 1:colcon.colcon_core.package_discovery:discover_packages(path) check parameters
[3.941s] Level 1:colcon.colcon_core.package_discovery:discover_packages(colcon_meta) discover
[3.941s] Level 1:colcon.colcon_core.package_discovery:discover_packages(recursive) discover
[3.941s] INFO:colcon.colcon_core.package_discovery:Crawling recursively for packages in '/home/ines/Desktop/RetoRos_1/ControllerNode'
[3.942s] Level 1:colcon.colcon_core.package_identification:_identify(.) by extensions ['ignore', 'ignore_ament_install']
[3.942s] Level 1:colcon.colcon_core.package_identification:_identify(.) by extension 'ignore'
[3.942s] Level 1:colcon.colcon_core.package_identification:_identify(.) by extension 'ignore_ament_install'
[3.943s] Level 1:colcon.colcon_core.package_identification:_identify(.) by extensions ['colcon_pkg']
[3.943s] Level 1:colcon.colcon_core.package_identification:_identify(.) by extension 'colcon_pkg'
[3.943s] Level 1:colcon.colcon_core.package_identification:_identify(.) by extensions ['colcon_meta']
[3.943s] Level 1:colcon.colcon_core.package_identification:_identify(.) by extension 'colcon_meta'
[3.943s] Level 1:colcon.colcon_core.package_identification:_identify(.) by extensions ['ros']
[3.944s] Level 1:colcon.colcon_core.package_identification:_identify(.) by extension 'ros'
[3.980s] Level 1:colcon.colcon_core.package_identification:_identify(.) by extensions ['cmake', 'python']
[3.981s] Level 1:colcon.colcon_core.package_identification:_identify(.) by extension 'cmake'
[3.981s] Level 1:colcon.colcon_core.package_identification:_identify(.) by extension 'python'
[3.981s] Level 1:colcon.colcon_core.package_identification:_identify(.) by extensions ['python_setup_py']
[3.981s] Level 1:colcon.colcon_core.package_identification:_identify(.) by extension 'python_setup_py'
[3.982s] Level 1:colcon.colcon_core.package_identification:_identify(build) by extensions ['ignore', 'ignore_ament_install']
[3.982s] Level 1:colcon.colcon_core.package_identification:_identify(build) by extension 'ignore'
[3.983s] Level 1:colcon.colcon_core.package_identification:_identify(build) ignored
[3.983s] Level 1:colcon.colcon_core.package_identification:_identify(install) by extensions ['ignore', 'ignore_ament_install']
[3.984s] Level 1:colcon.colcon_core.package_identification:_identify(install) by extension 'ignore'
[3.984s] Level 1:colcon.colcon_core.package_identification:_identify(install) ignored
[3.984s] Level 1:colcon.colcon_core.package_identification:_identify(log) by extensions ['ignore', 'ignore_ament_install']
[3.984s] Level 1:colcon.colcon_core.package_identification:_identify(log) by extension 'ignore'
[3.984s] Level 1:colcon.colcon_core.package_identification:_identify(log) ignored
[3.985s] Level 1:colcon.colcon_core.package_identification:_identify(src) by extensions ['ignore', 'ignore_ament_install']
[3.985s] Level 1:colcon.colcon_core.package_identification:_identify(src) by extension 'ignore'
[3.985s] Level 1:colcon.colcon_core.package_identification:_identify(src) by extension 'ignore_ament_install'
[3.985s] Level 1:colcon.colcon_core.package_identification:_identify(src) by extensions ['colcon_pkg']
[3.985s] Level 1:colcon.colcon_core.package_identification:_identify(src) by extension 'colcon_pkg'
[3.985s] Level 1:colcon.colcon_core.package_identification:_identify(src) by extensions ['colcon_meta']
[3.986s] Level 1:colcon.colcon_core.package_identification:_identify(src) by extension 'colcon_meta'
[3.986s] Level 1:colcon.colcon_core.package_identification:_identify(src) by extensions ['ros']
[3.986s] Level 1:colcon.colcon_core.package_identification:_identify(src) by extension 'ros'
[3.986s] Level 1:colcon.colcon_core.package_identification:_identify(src) by extensions ['cmake', 'python']
[3.986s] Level 1:colcon.colcon_core.package_identification:_identify(src) by extension 'cmake'
[3.986s] Level 1:colcon.colcon_core.package_identification:_identify(src) by extension 'python'
[3.986s] Level 1:colcon.colcon_core.package_identification:_identify(src) by extensions ['python_setup_py']
[3.987s] Level 1:colcon.colcon_core.package_identification:_identify(src) by extension 'python_setup_py'
[3.987s] Level 1:colcon.colcon_core.package_identification:_identify(src/signalCommunication) by extensions ['ignore', 'ignore_ament_install']
[3.987s] Level 1:colcon.colcon_core.package_identification:_identify(src/signalCommunication) by extension 'ignore'
[3.987s] Level 1:colcon.colcon_core.package_identification:_identify(src/signalCommunication) by extension 'ignore_ament_install'
[3.987s] Level 1:colcon.colcon_core.package_identification:_identify(src/signalCommunication) by extensions ['colcon_pkg']
[3.988s] Level 1:colcon.colcon_core.package_identification:_identify(src/signalCommunication) by extension 'colcon_pkg'
[3.988s] Level 1:colcon.colcon_core.package_identification:_identify(src/signalCommunication) by extensions ['colcon_meta']
[3.988s] Level 1:colcon.colcon_core.package_identification:_identify(src/signalCommunication) by extension 'colcon_meta'
[3.988s] Level 1:colcon.colcon_core.package_identification:_identify(src/signalCommunication) by extensions ['ros']
[3.988s] Level 1:colcon.colcon_core.package_identification:_identify(src/signalCommunication) by extension 'ros'
[3.997s] DEBUG:colcon.colcon_core.package_identification:Package 'src/signalCommunication' with type 'ros.ament_python' and name 'signalCommunication'
[3.998s] Level 1:colcon.colcon_core.package_discovery:discover_packages(recursive) using defaults
[3.998s] Level 1:colcon.colcon_core.package_discovery:discover_packages(ignore) discover
[3.998s] Level 1:colcon.colcon_core.package_discovery:discover_packages(ignore) using defaults
[3.998s] Level 1:colcon.colcon_core.package_discovery:discover_packages(path) discover
[3.998s] Level 1:colcon.colcon_core.package_discovery:discover_packages(path) using defaults
[4.345s] Level 1:colcon.colcon_core.package_discovery:discover_packages(prefix_path) check parameters
[4.345s] Level 1:colcon.colcon_core.package_discovery:discover_packages(prefix_path) discover
[4.502s] DEBUG:colcon.colcon_installed_package_information.package_discovery:Found 3 installed packages in /home/ines/ros2_utilities_ws/install
[4.561s] DEBUG:colcon.colcon_installed_package_information.package_discovery:Found 270 installed packages in /opt/ros/humble
[4.566s] Level 1:colcon.colcon_core.package_discovery:discover_packages(prefix_path) using defaults
[4.954s] Level 5:colcon.colcon_core.verb:set package 'signalCommunication' build argument 'cmake_args' from command line to 'None'
[4.954s] Level 5:colcon.colcon_core.verb:set package 'signalCommunication' build argument 'cmake_target' from command line to 'None'
[4.954s] Level 5:colcon.colcon_core.verb:set package 'signalCommunication' build argument 'cmake_target_skip_unavailable' from command line to 'False'
[4.954s] Level 5:colcon.colcon_core.verb:set package 'signalCommunication' build argument 'cmake_clean_cache' from command line to 'False'
[4.954s] Level 5:colcon.colcon_core.verb:set package 'signalCommunication' build argument 'cmake_clean_first' from command line to 'False'
[4.954s] Level 5:colcon.colcon_core.verb:set package 'signalCommunication' build argument 'cmake_force_configure' from command line to 'False'
[4.954s] Level 5:colcon.colcon_core.verb:set package 'signalCommunication' build argument 'ament_cmake_args' from command line to 'None'
[4.954s] Level 5:colcon.colcon_core.verb:set package 'signalCommunication' build argument 'catkin_cmake_args' from command line to 'None'
[4.954s] Level 5:colcon.colcon_core.verb:set package 'signalCommunication' build argument 'catkin_skip_building_tests' from command line to 'False'
[4.955s] DEBUG:colcon.colcon_core.verb:Building package 'signalCommunication' with the following arguments: {'ament_cmake_args': None, 'build_base': '/home/ines/Desktop/RetoRos_1/ControllerNode/build/signalCommunication', 'catkin_cmake_args': None, 'catkin_skip_building_tests': False, 'cmake_args': None, 'cmake_clean_cache': False, 'cmake_clean_first': False, 'cmake_force_configure': False, 'cmake_target': None, 'cmake_target_skip_unavailable': False, 'install_base': '/home/ines/Desktop/RetoRos_1/ControllerNode/install/signalCommunication', 'merge_install': False, 'path': '/home/ines/Desktop/RetoRos_1/ControllerNode/src/signalCommunication', 'symlink_install': False, 'test_result_base': None}
[5.001s] INFO:colcon.colcon_core.executor:Executing jobs using 'parallel' executor
[5.049s] DEBUG:colcon.colcon_parallel_executor.executor.parallel:run_until_complete
[5.050s] INFO:colcon.colcon_ros.task.ament_python.build:Building ROS package in '/home/ines/Desktop/RetoRos_1/ControllerNode/src/signalCommunication' with build type 'ament_python'
[5.050s] Level 1:colcon.colcon_core.shell:create_environment_hook('signalCommunication', 'ament_prefix_path')
[5.114s] INFO:colcon.colcon_core.plugin_system:Skipping extension 'colcon_core.shell.bat': Not used on non-Windows systems
[5.115s] INFO:colcon.colcon_core.shell:Creating environment hook '/home/ines/Desktop/RetoRos_1/ControllerNode/install/signalCommunication/share/signalCommunication/hook/ament_prefix_path.ps1'
[5.117s] INFO:colcon.colcon_core.shell:Creating environment descriptor '/home/ines/Desktop/RetoRos_1/ControllerNode/install/signalCommunication/share/signalCommunication/hook/ament_prefix_path.dsv'
[5.118s] INFO:colcon.colcon_core.shell:Creating environment hook '/home/ines/Desktop/RetoRos_1/ControllerNode/install/signalCommunication/share/signalCommunication/hook/ament_prefix_path.sh'
[5.170s] INFO:colcon.colcon_core.shell:Skip shell extension 'powershell' for command environment: Not usable outside of PowerShell
[5.170s] DEBUG:colcon.colcon_core.shell:Skip shell extension 'dsv' for command environment
[6.133s] INFO:colcon.colcon_core.task.python.build:Building Python package in '/home/ines/Desktop/RetoRos_1/ControllerNode/src/signalCommunication'
[6.185s] INFO:colcon.colcon_core.shell:Skip shell extension 'powershell' for command environment: Not usable outside of PowerShell
[6.185s] DEBUG:colcon.colcon_core.shell:Skip shell extension 'dsv' for command environment
[7.380s] DEBUG:colcon.colcon_core.event_handler.log_command:Invoking command in '/home/ines/Desktop/RetoRos_1/ControllerNode/src/signalCommunication': PYTHONPATH=/home/ines/Desktop/RetoRos_1/ControllerNode/build/signalCommunication/prefix_override:/home/ines/Desktop/RetoRos_1/ControllerNode/install/signalCommunication/lib/python3.10/site-packages:${PYTHONPATH} /usr/bin/python3 setup.py egg_info --egg-base ../../build/signalCommunication build --build-base /home/ines/Desktop/RetoRos_1/ControllerNode/build/signalCommunication/build install --record /home/ines/Desktop/RetoRos_1/ControllerNode/build/signalCommunication/install.log --single-version-externally-managed
[8.234s] DEBUG:colcon.colcon_core.event_handler.log_command:Invoked command in '/home/ines/Desktop/RetoRos_1/ControllerNode/src/signalCommunication' returned '0': PYTHONPATH=/home/ines/Desktop/RetoRos_1/ControllerNode/build/signalCommunication/prefix_override:/home/ines/Desktop/RetoRos_1/ControllerNode/install/signalCommunication/lib/python3.10/site-packages:${PYTHONPATH} /usr/bin/python3 setup.py egg_info --egg-base ../../build/signalCommunication build --build-base /home/ines/Desktop/RetoRos_1/ControllerNode/build/signalCommunication/build install --record /home/ines/Desktop/RetoRos_1/ControllerNode/build/signalCommunication/install.log --single-version-externally-managed
[8.309s] Level 1:colcon.colcon_core.environment:checking '/home/ines/Desktop/RetoRos_1/ControllerNode/install/signalCommunication' for CMake module files
[8.311s] Level 1:colcon.colcon_core.environment:checking '/home/ines/Desktop/RetoRos_1/ControllerNode/install/signalCommunication' for CMake config files
[8.312s] Level 1:colcon.colcon_core.environment:checking '/home/ines/Desktop/RetoRos_1/ControllerNode/install/signalCommunication/lib'
[8.313s] Level 1:colcon.colcon_core.environment:checking '/home/ines/Desktop/RetoRos_1/ControllerNode/install/signalCommunication/bin'
[8.313s] Level 1:colcon.colcon_core.environment:checking '/home/ines/Desktop/RetoRos_1/ControllerNode/install/signalCommunication/lib/pkgconfig/signalCommunication.pc'
[8.314s] Level 1:colcon.colcon_core.environment:checking '/home/ines/Desktop/RetoRos_1/ControllerNode/install/signalCommunication/lib/python3.10/site-packages'
[8.314s] Level 1:colcon.colcon_core.shell:create_environment_hook('signalCommunication', 'pythonpath')
[8.371s] INFO:colcon.colcon_core.shell:Creating environment hook '/home/ines/Desktop/RetoRos_1/ControllerNode/install/signalCommunication/share/signalCommunication/hook/pythonpath.ps1'
[8.374s] INFO:colcon.colcon_core.shell:Creating environment descriptor '/home/ines/Desktop/RetoRos_1/ControllerNode/install/signalCommunication/share/signalCommunication/hook/pythonpath.dsv'
[8.375s] INFO:colcon.colcon_core.shell:Creating environment hook '/home/ines/Desktop/RetoRos_1/ControllerNode/install/signalCommunication/share/signalCommunication/hook/pythonpath.sh'
[8.377s] Level 1:colcon.colcon_core.environment:checking '/home/ines/Desktop/RetoRos_1/ControllerNode/install/signalCommunication/bin'
[8.378s] Level 1:colcon.colcon_core.environment:create_environment_scripts_only(signalCommunication)
[8.426s] INFO:colcon.colcon_core.shell:Creating package script '/home/ines/Desktop/RetoRos_1/ControllerNode/install/signalCommunication/share/signalCommunication/package.ps1'
[8.433s] INFO:colcon.colcon_core.shell:Creating package descriptor '/home/ines/Desktop/RetoRos_1/ControllerNode/install/signalCommunication/share/signalCommunication/package.dsv'
[8.435s] INFO:colcon.colcon_core.shell:Creating package script '/home/ines/Desktop/RetoRos_1/ControllerNode/install/signalCommunication/share/signalCommunication/package.sh'
[8.438s] INFO:colcon.colcon_core.shell:Creating package script '/home/ines/Desktop/RetoRos_1/ControllerNode/install/signalCommunication/share/signalCommunication/package.bash'
[8.440s] INFO:colcon.colcon_core.shell:Creating package script '/home/ines/Desktop/RetoRos_1/ControllerNode/install/signalCommunication/share/signalCommunication/package.zsh'
[8.443s] Level 1:colcon.colcon_core.environment:create_file_with_runtime_dependencies(/home/ines/Desktop/RetoRos_1/ControllerNode/install/signalCommunication/share/colcon-core/packages/signalCommunication)
[8.444s] DEBUG:colcon.colcon_parallel_executor.executor.parallel:closing loop
[8.444s] DEBUG:colcon.colcon_parallel_executor.executor.parallel:loop closed
[8.445s] DEBUG:colcon.colcon_parallel_executor.executor.parallel:run_until_complete finished with '0'
[8.445s] DEBUG:colcon.colcon_core.event_reactor:joining thread
[8.544s] INFO:colcon.colcon_core.plugin_system:Skipping extension 'colcon_notification.desktop_notification.terminal_notifier': Not used on non-Darwin systems
[8.544s] INFO:colcon.colcon_core.plugin_system:Skipping extension 'colcon_notification.desktop_notification.win32': Not used on non-Windows systems
[8.544s] INFO:colcon.colcon_notification.desktop_notification:Sending desktop notification using 'notify2'
[8.632s] DEBUG:colcon.colcon_core.event_reactor:joined thread
[8.697s] INFO:colcon.colcon_core.shell:Creating prefix script '/home/ines/Desktop/RetoRos_1/ControllerNode/install/local_setup.ps1'
[8.703s] INFO:colcon.colcon_core.shell:Creating prefix util module '/home/ines/Desktop/RetoRos_1/ControllerNode/install/_local_setup_util_ps1.py'
[8.707s] INFO:colcon.colcon_core.shell:Creating prefix chain script '/home/ines/Desktop/RetoRos_1/ControllerNode/install/setup.ps1'
[8.762s] INFO:colcon.colcon_core.shell:Creating prefix script '/home/ines/Desktop/RetoRos_1/ControllerNode/install/local_setup.sh'
[8.766s] INFO:colcon.colcon_core.shell:Creating prefix util module '/home/ines/Desktop/RetoRos_1/ControllerNode/install/_local_setup_util_sh.py'
[8.767s] INFO:colcon.colcon_core.shell:Creating prefix chain script '/home/ines/Desktop/RetoRos_1/ControllerNode/install/setup.sh'
[8.833s] INFO:colcon.colcon_core.shell:Creating prefix script '/home/ines/Desktop/RetoRos_1/ControllerNode/install/local_setup.bash'
[8.835s] INFO:colcon.colcon_core.shell:Creating prefix chain script '/home/ines/Desktop/RetoRos_1/ControllerNode/install/setup.bash'
[8.891s] INFO:colcon.colcon_core.shell:Creating prefix script '/home/ines/Desktop/RetoRos_1/ControllerNode/install/local_setup.zsh'
[8.894s] INFO:colcon.colcon_core.shell:Creating prefix chain script '/home/ines/Desktop/RetoRos_1/ControllerNode/install/setup.zsh'
