[1.998s] Invoking command in '/home/ines/Documents/challengesRos/challenge2/src/signal_comm': PYTHONPATH=/home/ines/Documents/challengesRos/challenge2/build/signal_comm/prefix_override:/home/ines/Documents/challengesRos/challenge2/install/signal_comm/lib/python3.10/site-packages:${PYTHONPATH} /usr/bin/python3 setup.py egg_info --egg-base ../../build/signal_comm build --build-base /home/ines/Documents/challengesRos/challenge2/build/signal_comm/build install --record /home/ines/Documents/challengesRos/challenge2/build/signal_comm/install.log --single-version-externally-managed
[2.685s] running egg_info
[2.688s] writing ../../build/signal_comm/signal_comm.egg-info/PKG-INFO
[2.688s] writing dependency_links to ../../build/signal_comm/signal_comm.egg-info/dependency_links.txt
[2.689s] writing entry points to ../../build/signal_comm/signal_comm.egg-info/entry_points.txt
[2.689s] writing requirements to ../../build/signal_comm/signal_comm.egg-info/requires.txt
[2.690s] writing top-level names to ../../build/signal_comm/signal_comm.egg-info/top_level.txt
[2.696s] reading manifest file '../../build/signal_comm/signal_comm.egg-info/SOURCES.txt'
[2.699s] writing manifest file '../../build/signal_comm/signal_comm.egg-info/SOURCES.txt'
[2.700s] running build
[2.700s] running build_py
[2.701s] running install
[2.702s] /usr/lib/python3/dist-packages/setuptools/command/install.py:34: SetuptoolsDeprecationWarning: setup.py install is deprecated. Use build and pip and other standards-based tools.
[2.702s]   warnings.warn(
[2.703s] running install_lib
[2.707s] running install_data
[2.709s] running install_egg_info
[2.714s] removing '/home/ines/Documents/challengesRos/challenge2/install/signal_comm/lib/python3.10/site-packages/signal_comm-0.0.0-py3.10.egg-info' (and everything under it)
[2.715s] Copying ../../build/signal_comm/signal_comm.egg-info to /home/ines/Documents/challengesRos/challenge2/install/signal_comm/lib/python3.10/site-packages/signal_comm-0.0.0-py3.10.egg-info
[2.718s] running install_scripts
[2.774s] Installing process script to /home/ines/Documents/challengesRos/challenge2/install/signal_comm/lib/signal_comm
[2.774s] Installing signal_generator script to /home/ines/Documents/challengesRos/challenge2/install/signal_comm/lib/signal_comm
[2.776s] writing list of installed files to '/home/ines/Documents/challengesRos/challenge2/build/signal_comm/install.log'
[2.828s] Invoked command in '/home/ines/Documents/challengesRos/challenge2/src/signal_comm' returned '0': PYTHONPATH=/home/ines/Documents/challengesRos/challenge2/build/signal_comm/prefix_override:/home/ines/Documents/challengesRos/challenge2/install/signal_comm/lib/python3.10/site-packages:${PYTHONPATH} /usr/bin/python3 setup.py egg_info --egg-base ../../build/signal_comm build --build-base /home/ines/Documents/challengesRos/challenge2/build/signal_comm/build install --record /home/ines/Documents/challengesRos/challenge2/build/signal_comm/install.log --single-version-externally-managed
