[2.300s] Invoking command in '/home/ines/Documents/challengesRos/signalProcess/src/signal_comm': PYTHONPATH=/home/ines/Documents/challengesRos/signalProcess/build/signal_comm/prefix_override:/home/ines/Documents/challengesRos/signalProcess/install/signal_comm/lib/python3.10/site-packages:${PYTHONPATH} /usr/bin/python3 setup.py egg_info --egg-base ../../build/signal_comm build --build-base /home/ines/Documents/challengesRos/signalProcess/build/signal_comm/build install --record /home/ines/Documents/challengesRos/signalProcess/build/signal_comm/install.log --single-version-externally-managed
[3.001s] running egg_info
[3.003s] writing ../../build/signal_comm/signal_comm.egg-info/PKG-INFO
[3.004s] writing dependency_links to ../../build/signal_comm/signal_comm.egg-info/dependency_links.txt
[3.004s] writing entry points to ../../build/signal_comm/signal_comm.egg-info/entry_points.txt
[3.005s] writing requirements to ../../build/signal_comm/signal_comm.egg-info/requires.txt
[3.005s] writing top-level names to ../../build/signal_comm/signal_comm.egg-info/top_level.txt
[3.009s] reading manifest file '../../build/signal_comm/signal_comm.egg-info/SOURCES.txt'
[3.012s] writing manifest file '../../build/signal_comm/signal_comm.egg-info/SOURCES.txt'
[3.012s] running build
[3.013s] running build_py
[3.013s] running install
[3.014s] /usr/lib/python3/dist-packages/setuptools/command/install.py:34: SetuptoolsDeprecationWarning: setup.py install is deprecated. Use build and pip and other standards-based tools.
[3.014s]   warnings.warn(
[3.015s] running install_lib
[3.019s] running install_data
[3.020s] running install_egg_info
[3.024s] removing '/home/ines/Documents/challengesRos/signalProcess/install/signal_comm/lib/python3.10/site-packages/signal_comm-0.0.0-py3.10.egg-info' (and everything under it)
[3.024s] Copying ../../build/signal_comm/signal_comm.egg-info to /home/ines/Documents/challengesRos/signalProcess/install/signal_comm/lib/python3.10/site-packages/signal_comm-0.0.0-py3.10.egg-info
[3.028s] running install_scripts
[3.083s] Installing process script to /home/ines/Documents/challengesRos/signalProcess/install/signal_comm/lib/signal_comm
[3.083s] Installing signal_generator script to /home/ines/Documents/challengesRos/signalProcess/install/signal_comm/lib/signal_comm
[3.085s] writing list of installed files to '/home/ines/Documents/challengesRos/signalProcess/build/signal_comm/install.log'
[3.137s] Invoked command in '/home/ines/Documents/challengesRos/signalProcess/src/signal_comm' returned '0': PYTHONPATH=/home/ines/Documents/challengesRos/signalProcess/build/signal_comm/prefix_override:/home/ines/Documents/challengesRos/signalProcess/install/signal_comm/lib/python3.10/site-packages:${PYTHONPATH} /usr/bin/python3 setup.py egg_info --egg-base ../../build/signal_comm build --build-base /home/ines/Documents/challengesRos/signalProcess/build/signal_comm/build install --record /home/ines/Documents/challengesRos/signalProcess/build/signal_comm/install.log --single-version-externally-managed
