[2.307s] Invoking command in '/home/ines/Desktop/RetoRos_1/ControllerNode/src/signalCommunication': PYTHONPATH=/home/ines/Desktop/RetoRos_1/ControllerNode/build/signalCommunication/prefix_override:/home/ines/Desktop/RetoRos_1/ControllerNode/install/signalCommunication/lib/python3.10/site-packages:${PYTHONPATH} /usr/bin/python3 setup.py egg_info --egg-base ../../build/signalCommunication build --build-base /home/ines/Desktop/RetoRos_1/ControllerNode/build/signalCommunication/build install --record /home/ines/Desktop/RetoRos_1/ControllerNode/build/signalCommunication/install.log --single-version-externally-managed
[3.020s] running egg_info
[3.022s] writing ../../build/signalCommunication/signalCommunication.egg-info/PKG-INFO
[3.023s] writing dependency_links to ../../build/signalCommunication/signalCommunication.egg-info/dependency_links.txt
[3.023s] writing entry points to ../../build/signalCommunication/signalCommunication.egg-info/entry_points.txt
[3.024s] writing requirements to ../../build/signalCommunication/signalCommunication.egg-info/requires.txt
[3.024s] writing top-level names to ../../build/signalCommunication/signalCommunication.egg-info/top_level.txt
[3.029s] reading manifest file '../../build/signalCommunication/signalCommunication.egg-info/SOURCES.txt'
[3.030s] adding license file 'LICENSE'
[3.032s] writing manifest file '../../build/signalCommunication/signalCommunication.egg-info/SOURCES.txt'
[3.032s] running build
[3.033s] running build_py
[3.033s] running install
[3.034s] /usr/lib/python3/dist-packages/setuptools/command/install.py:34: SetuptoolsDeprecationWarning: setup.py install is deprecated. Use build and pip and other standards-based tools.
[3.034s]   warnings.warn(
[3.035s] running install_lib
[3.038s] running install_data
[3.039s] running install_egg_info
[3.044s] removing '/home/ines/Desktop/RetoRos_1/ControllerNode/install/signalCommunication/lib/python3.10/site-packages/signalCommunication-0.0.0-py3.10.egg-info' (and everything under it)
[3.045s] Copying ../../build/signalCommunication/signalCommunication.egg-info to /home/ines/Desktop/RetoRos_1/ControllerNode/install/signalCommunication/lib/python3.10/site-packages/signalCommunication-0.0.0-py3.10.egg-info
[3.049s] running install_scripts
[3.103s] Installing signalGenerator script to /home/ines/Desktop/RetoRos_1/ControllerNode/install/signalCommunication/lib/signalCommunication
[3.104s] writing list of installed files to '/home/ines/Desktop/RetoRos_1/ControllerNode/build/signalCommunication/install.log'
[3.175s] Invoked command in '/home/ines/Desktop/RetoRos_1/ControllerNode/src/signalCommunication' returned '0': PYTHONPATH=/home/ines/Desktop/RetoRos_1/ControllerNode/build/signalCommunication/prefix_override:/home/ines/Desktop/RetoRos_1/ControllerNode/install/signalCommunication/lib/python3.10/site-packages:${PYTHONPATH} /usr/bin/python3 setup.py egg_info --egg-base ../../build/signalCommunication build --build-base /home/ines/Desktop/RetoRos_1/ControllerNode/build/signalCommunication/build install --record /home/ines/Desktop/RetoRos_1/ControllerNode/build/signalCommunication/install.log --single-version-externally-managed
