[2.631s] Invoking command in '/home/ines/Documents/challengesRos/signalProcess/src/signal_comm': PYTHONPATH=/home/ines/Documents/challengesRos/signalProcess/build/signal_comm/prefix_override:/home/ines/Documents/challengesRos/signalProcess/install/signal_comm/lib/python3.10/site-packages:${PYTHONPATH} /usr/bin/python3 setup.py egg_info --egg-base ../../build/signal_comm build --build-base /home/ines/Documents/challengesRos/signalProcess/build/signal_comm/build install --record /home/ines/Documents/challengesRos/signalProcess/build/signal_comm/install.log --single-version-externally-managed
[3.614s] running egg_info
[3.617s] writing ../../build/signal_comm/signal_comm.egg-info/PKG-INFO
[3.618s] writing dependency_links to ../../build/signal_comm/signal_comm.egg-info/dependency_links.txt
[3.619s] writing entry points to ../../build/signal_comm/signal_comm.egg-info/entry_points.txt
[3.619s] writing requirements to ../../build/signal_comm/signal_comm.egg-info/requires.txt
[3.620s] writing top-level names to ../../build/signal_comm/signal_comm.egg-info/top_level.txt
[3.630s] reading manifest file '../../build/signal_comm/signal_comm.egg-info/SOURCES.txt'
[3.635s] writing manifest file '../../build/signal_comm/signal_comm.egg-info/SOURCES.txt'
[3.635s] running build
[3.636s] running build_py
[3.636s] copying signal_comm/signal_generator.py -> /home/ines/Documents/challengesRos/signalProcess/build/signal_comm/build/lib/signal_comm
[3.639s] running install
[3.639s] /usr/lib/python3/dist-packages/setuptools/command/install.py:34: SetuptoolsDeprecationWarning: setup.py install is deprecated. Use build and pip and other standards-based tools.
[3.640s]   warnings.warn(
[3.641s] running install_lib
[3.642s] copying /home/ines/Documents/challengesRos/signalProcess/build/signal_comm/build/lib/signal_comm/signal_generator.py -> /home/ines/Documents/challengesRos/signalProcess/install/signal_comm/lib/python3.10/site-packages/signal_comm
[3.645s] byte-compiling /home/ines/Documents/challengesRos/signalProcess/install/signal_comm/lib/python3.10/site-packages/signal_comm/signal_generator.py to signal_generator.cpython-310.pyc
[3.648s] running install_data
[3.652s] running install_egg_info
[3.660s] removing '/home/ines/Documents/challengesRos/signalProcess/install/signal_comm/lib/python3.10/site-packages/signal_comm-0.0.0-py3.10.egg-info' (and everything under it)
[3.661s] Copying ../../build/signal_comm/signal_comm.egg-info to /home/ines/Documents/challengesRos/signalProcess/install/signal_comm/lib/python3.10/site-packages/signal_comm-0.0.0-py3.10.egg-info
[3.666s] running install_scripts
[3.768s] Installing process script to /home/ines/Documents/challengesRos/signalProcess/install/signal_comm/lib/signal_comm
[3.769s] Installing signal_generator script to /home/ines/Documents/challengesRos/signalProcess/install/signal_comm/lib/signal_comm
[3.772s] writing list of installed files to '/home/ines/Documents/challengesRos/signalProcess/build/signal_comm/install.log'
[3.873s] Invoked command in '/home/ines/Documents/challengesRos/signalProcess/src/signal_comm' returned '0': PYTHONPATH=/home/ines/Documents/challengesRos/signalProcess/build/signal_comm/prefix_override:/home/ines/Documents/challengesRos/signalProcess/install/signal_comm/lib/python3.10/site-packages:${PYTHONPATH} /usr/bin/python3 setup.py egg_info --egg-base ../../build/signal_comm build --build-base /home/ines/Documents/challengesRos/signalProcess/build/signal_comm/build install --record /home/ines/Documents/challengesRos/signalProcess/build/signal_comm/install.log --single-version-externally-managed
