[3.031s] DEBUG:colcon:Command line arguments: ['/usr/bin/colcon', 'build']
[3.031s] DEBUG:colcon:Parsed command line arguments: Namespace(log_base=None, log_level=None, verb_name='build', build_base='build', install_base='install', merge_install=False, symlink_install=False, test_result_base=None, continue_on_error=False, executor='parallel', parallel_workers=4, event_handlers=None, ignore_user_meta=False, metas=['./colcon.meta'], base_paths=['.'], packages_ignore=None, packages_ignore_regex=None, paths=None, packages_up_to=None, packages_up_to_regex=None, packages_above=None, packages_above_and_dependencies=None, packages_above_depth=None, packages_select_by_dep=None, packages_skip_by_dep=None, packages_skip_up_to=None, packages_select_build_failed=False, packages_skip_build_finished=False, packages_select_test_failures=False, packages_skip_test_passed=False, packages_select=None, packages_skip=None, packages_select_regex=None, packages_skip_regex=None, packages_start=None, packages_end=None, allow_overriding=[], cmake_args=None, cmake_target=None, cmake_target_skip_unavailable=False, cmake_clean_cache=False, cmake_clean_first=False, cmake_force_configure=False, ament_cmake_args=None, catkin_cmake_args=None, catkin_skip_building_tests=False, verb_parser=<colcon_defaults.argument_parser.defaults.DefaultArgumentsDecorator object at 0x7f89b8cf0280>, verb_extension=<colcon_core.verb.build.BuildVerb object at 0x7f89b8f40eb0>, main=<bound method BuildVerb.main of <colcon_core.verb.build.BuildVerb object at 0x7f89b8f40eb0>>)
[3.166s] Level 1:colcon.colcon_core.package_discovery:discover_packages(colcon_meta) check parameters
[3.167s] Level 1:colcon.colcon_core.package_discovery:discover_packages(recursive) check parameters
[3.167s] Level 1:colcon.colcon_core.package_discovery:discover_packages(ignore) check parameters
[3.167s] Level 1:colcon.colcon_core.package_discovery:discover_packages(path) check parameters
[3.167s] Level 1:colcon.colcon_core.package_discovery:discover_packages(colcon_meta) discover
[3.167s] Level 1:colcon.colcon_core.package_discovery:discover_packages(recursive) discover
[3.167s] INFO:colcon.colcon_core.package_discovery:Crawling recursively for packages in '/home/ines/Documents/challengesRos/signalProcess'
[3.167s] Level 1:colcon.colcon_core.package_identification:_identify(.) by extensions ['ignore', 'ignore_ament_install']
[3.168s] Level 1:colcon.colcon_core.package_identification:_identify(.) by extension 'ignore'
[3.168s] Level 1:colcon.colcon_core.package_identification:_identify(.) by extension 'ignore_ament_install'
[3.168s] Level 1:colcon.colcon_core.package_identification:_identify(.) by extensions ['colcon_pkg']
[3.168s] Level 1:colcon.colcon_core.package_identification:_identify(.) by extension 'colcon_pkg'
[3.168s] Level 1:colcon.colcon_core.package_identification:_identify(.) by extensions ['colcon_meta']
[3.168s] Level 1:colcon.colcon_core.package_identification:_identify(.) by extension 'colcon_meta'
[3.169s] Level 1:colcon.colcon_core.package_identification:_identify(.) by extensions ['ros']
[3.169s] Level 1:colcon.colcon_core.package_identification:_identify(.) by extension 'ros'
[3.199s] Level 1:colcon.colcon_core.package_identification:_identify(.) by extensions ['cmake', 'python']
[3.199s] Level 1:colcon.colcon_core.package_identification:_identify(.) by extension 'cmake'
[3.200s] Level 1:colcon.colcon_core.package_identification:_identify(.) by extension 'python'
[3.200s] Level 1:colcon.colcon_core.package_identification:_identify(.) by extensions ['python_setup_py']
[3.200s] Level 1:colcon.colcon_core.package_identification:_identify(.) by extension 'python_setup_py'
[3.200s] Level 1:colcon.colcon_core.package_identification:_identify(build) by extensions ['ignore', 'ignore_ament_install']
[3.200s] Level 1:colcon.colcon_core.package_identification:_identify(build) by extension 'ignore'
[3.201s] Level 1:colcon.colcon_core.package_identification:_identify(build) ignored
[3.201s] Level 1:colcon.colcon_core.package_identification:_identify(install) by extensions ['ignore', 'ignore_ament_install']
[3.201s] Level 1:colcon.colcon_core.package_identification:_identify(install) by extension 'ignore'
[3.201s] Level 1:colcon.colcon_core.package_identification:_identify(install) ignored
[3.202s] Level 1:colcon.colcon_core.package_identification:_identify(log) by extensions ['ignore', 'ignore_ament_install']
[3.202s] Level 1:colcon.colcon_core.package_identification:_identify(log) by extension 'ignore'
[3.202s] Level 1:colcon.colcon_core.package_identification:_identify(log) ignored
[3.202s] Level 1:colcon.colcon_core.package_identification:_identify(src) by extensions ['ignore', 'ignore_ament_install']
[3.202s] Level 1:colcon.colcon_core.package_identification:_identify(src) by extension 'ignore'
[3.203s] Level 1:colcon.colcon_core.package_identification:_identify(src) by extension 'ignore_ament_install'
[3.203s] Level 1:colcon.colcon_core.package_identification:_identify(src) by extensions ['colcon_pkg']
[3.203s] Level 1:colcon.colcon_core.package_identification:_identify(src) by extension 'colcon_pkg'
[3.203s] Level 1:colcon.colcon_core.package_identification:_identify(src) by extensions ['colcon_meta']
[3.203s] Level 1:colcon.colcon_core.package_identification:_identify(src) by extension 'colcon_meta'
[3.203s] Level 1:colcon.colcon_core.package_identification:_identify(src) by extensions ['ros']
[3.203s] Level 1:colcon.colcon_core.package_identification:_identify(src) by extension 'ros'
[3.204s] Level 1:colcon.colcon_core.package_identification:_identify(src) by extensions ['cmake', 'python']
[3.204s] Level 1:colcon.colcon_core.package_identification:_identify(src) by extension 'cmake'
[3.204s] Level 1:colcon.colcon_core.package_identification:_identify(src) by extension 'python'
[3.204s] Level 1:colcon.colcon_core.package_identification:_identify(src) by extensions ['python_setup_py']
[3.204s] Level 1:colcon.colcon_core.package_identification:_identify(src) by extension 'python_setup_py'
[3.204s] Level 1:colcon.colcon_core.package_identification:_identify(src/signal_comm) by extensions ['ignore', 'ignore_ament_install']
[3.204s] Level 1:colcon.colcon_core.package_identification:_identify(src/signal_comm) by extension 'ignore'
[3.205s] Level 1:colcon.colcon_core.package_identification:_identify(src/signal_comm) by extension 'ignore_ament_install'
[3.205s] Level 1:colcon.colcon_core.package_identification:_identify(src/signal_comm) by extensions ['colcon_pkg']
[3.205s] Level 1:colcon.colcon_core.package_identification:_identify(src/signal_comm) by extension 'colcon_pkg'
[3.205s] Level 1:colcon.colcon_core.package_identification:_identify(src/signal_comm) by extensions ['colcon_meta']
[3.205s] Level 1:colcon.colcon_core.package_identification:_identify(src/signal_comm) by extension 'colcon_meta'
[3.205s] Level 1:colcon.colcon_core.package_identification:_identify(src/signal_comm) by extensions ['ros']
[3.205s] Level 1:colcon.colcon_core.package_identification:_identify(src/signal_comm) by extension 'ros'
[3.211s] DEBUG:colcon.colcon_core.package_identification:Package 'src/signal_comm' with type 'ros.ament_python' and name 'signal_comm'
[3.212s] Level 1:colcon.colcon_core.package_discovery:discover_packages(recursive) using defaults
[3.212s] Level 1:colcon.colcon_core.package_discovery:discover_packages(ignore) discover
[3.212s] Level 1:colcon.colcon_core.package_discovery:discover_packages(ignore) using defaults
[3.212s] Level 1:colcon.colcon_core.package_discovery:discover_packages(path) discover
[3.212s] Level 1:colcon.colcon_core.package_discovery:discover_packages(path) using defaults
[3.485s] Level 1:colcon.colcon_core.package_discovery:discover_packages(prefix_path) check parameters
[3.485s] Level 1:colcon.colcon_core.package_discovery:discover_packages(prefix_path) discover
[3.579s] DEBUG:colcon.colcon_installed_package_information.package_discovery:Found 1 installed packages in /home/ines/Documents/challengesRos/signalProcess/install
[3.640s] DEBUG:colcon.colcon_installed_package_information.package_discovery:Found 1 installed packages in /home/ines/Documents/challengesRos/challenge1/install
[3.715s] DEBUG:colcon.colcon_installed_package_information.package_discovery:Found 270 installed packages in /opt/ros/humble
[3.722s] Level 1:colcon.colcon_core.package_discovery:discover_packages(prefix_path) using defaults
[4.003s] Level 5:colcon.colcon_core.verb:set package 'signal_comm' build argument 'cmake_args' from command line to 'None'
[4.004s] Level 5:colcon.colcon_core.verb:set package 'signal_comm' build argument 'cmake_target' from command line to 'None'
[4.004s] Level 5:colcon.colcon_core.verb:set package 'signal_comm' build argument 'cmake_target_skip_unavailable' from command line to 'False'
[4.004s] Level 5:colcon.colcon_core.verb:set package 'signal_comm' build argument 'cmake_clean_cache' from command line to 'False'
[4.004s] Level 5:colcon.colcon_core.verb:set package 'signal_comm' build argument 'cmake_clean_first' from command line to 'False'
[4.004s] Level 5:colcon.colcon_core.verb:set package 'signal_comm' build argument 'cmake_force_configure' from command line to 'False'
[4.004s] Level 5:colcon.colcon_core.verb:set package 'signal_comm' build argument 'ament_cmake_args' from command line to 'None'
[4.004s] Level 5:colcon.colcon_core.verb:set package 'signal_comm' build argument 'catkin_cmake_args' from command line to 'None'
[4.004s] Level 5:colcon.colcon_core.verb:set package 'signal_comm' build argument 'catkin_skip_building_tests' from command line to 'False'
[4.004s] DEBUG:colcon.colcon_core.verb:Building package 'signal_comm' with the following arguments: {'ament_cmake_args': None, 'build_base': '/home/ines/Documents/challengesRos/signalProcess/build/signal_comm', 'catkin_cmake_args': None, 'catkin_skip_building_tests': False, 'cmake_args': None, 'cmake_clean_cache': False, 'cmake_clean_first': False, 'cmake_force_configure': False, 'cmake_target': None, 'cmake_target_skip_unavailable': False, 'install_base': '/home/ines/Documents/challengesRos/signalProcess/install/signal_comm', 'merge_install': False, 'path': '/home/ines/Documents/challengesRos/signalProcess/src/signal_comm', 'symlink_install': False, 'test_result_base': None}
[4.049s] INFO:colcon.colcon_core.executor:Executing jobs using 'parallel' executor
[4.096s] DEBUG:colcon.colcon_parallel_executor.executor.parallel:run_until_complete
[4.096s] INFO:colcon.colcon_ros.task.ament_python.build:Building ROS package in '/home/ines/Documents/challengesRos/signalProcess/src/signal_comm' with build type 'ament_python'
[4.096s] Level 1:colcon.colcon_core.shell:create_environment_hook('signal_comm', 'ament_prefix_path')
[4.148s] INFO:colcon.colcon_core.plugin_system:Skipping extension 'colcon_core.shell.bat': Not used on non-Windows systems
[4.149s] INFO:colcon.colcon_core.shell:Creating environment hook '/home/ines/Documents/challengesRos/signalProcess/install/signal_comm/share/signal_comm/hook/ament_prefix_path.ps1'
[4.150s] INFO:colcon.colcon_core.shell:Creating environment descriptor '/home/ines/Documents/challengesRos/signalProcess/install/signal_comm/share/signal_comm/hook/ament_prefix_path.dsv'
[4.151s] INFO:colcon.colcon_core.shell:Creating environment hook '/home/ines/Documents/challengesRos/signalProcess/install/signal_comm/share/signal_comm/hook/ament_prefix_path.sh'
[4.198s] INFO:colcon.colcon_core.shell:Skip shell extension 'powershell' for command environment: Not usable outside of PowerShell
[4.198s] DEBUG:colcon.colcon_core.shell:Skip shell extension 'dsv' for command environment
[5.162s] INFO:colcon.colcon_core.task.python.build:Building Python package in '/home/ines/Documents/challengesRos/signalProcess/src/signal_comm'
[5.225s] INFO:colcon.colcon_core.shell:Skip shell extension 'powershell' for command environment: Not usable outside of PowerShell
[5.226s] DEBUG:colcon.colcon_core.shell:Skip shell extension 'dsv' for command environment
[6.315s] DEBUG:colcon.colcon_core.event_handler.log_command:Invoking command in '/home/ines/Documents/challengesRos/signalProcess/src/signal_comm': PYTHONPATH=/home/ines/Documents/challengesRos/signalProcess/build/signal_comm/prefix_override:/home/ines/Documents/challengesRos/signalProcess/install/signal_comm/lib/python3.10/site-packages:${PYTHONPATH} /usr/bin/python3 setup.py egg_info --egg-base ../../build/signal_comm build --build-base /home/ines/Documents/challengesRos/signalProcess/build/signal_comm/build install --record /home/ines/Documents/challengesRos/signalProcess/build/signal_comm/install.log --single-version-externally-managed
[7.126s] DEBUG:colcon.colcon_core.event_handler.log_command:Invoked command in '/home/ines/Documents/challengesRos/signalProcess/src/signal_comm' returned '0': PYTHONPATH=/home/ines/Documents/challengesRos/signalProcess/build/signal_comm/prefix_override:/home/ines/Documents/challengesRos/signalProcess/install/signal_comm/lib/python3.10/site-packages:${PYTHONPATH} /usr/bin/python3 setup.py egg_info --egg-base ../../build/signal_comm build --build-base /home/ines/Documents/challengesRos/signalProcess/build/signal_comm/build install --record /home/ines/Documents/challengesRos/signalProcess/build/signal_comm/install.log --single-version-externally-managed
[7.181s] Level 1:colcon.colcon_core.environment:checking '/home/ines/Documents/challengesRos/signalProcess/install/signal_comm' for CMake module files
[7.183s] Level 1:colcon.colcon_core.environment:checking '/home/ines/Documents/challengesRos/signalProcess/install/signal_comm' for CMake config files
[7.185s] Level 1:colcon.colcon_core.environment:checking '/home/ines/Documents/challengesRos/signalProcess/install/signal_comm/lib'
[7.185s] Level 1:colcon.colcon_core.environment:checking '/home/ines/Documents/challengesRos/signalProcess/install/signal_comm/bin'
[7.186s] Level 1:colcon.colcon_core.environment:checking '/home/ines/Documents/challengesRos/signalProcess/install/signal_comm/lib/pkgconfig/signal_comm.pc'
[7.186s] Level 1:colcon.colcon_core.environment:checking '/home/ines/Documents/challengesRos/signalProcess/install/signal_comm/lib/python3.10/site-packages'
[7.186s] Level 1:colcon.colcon_core.shell:create_environment_hook('signal_comm', 'pythonpath')
[7.233s] INFO:colcon.colcon_core.shell:Creating environment hook '/home/ines/Documents/challengesRos/signalProcess/install/signal_comm/share/signal_comm/hook/pythonpath.ps1'
[7.234s] INFO:colcon.colcon_core.shell:Creating environment descriptor '/home/ines/Documents/challengesRos/signalProcess/install/signal_comm/share/signal_comm/hook/pythonpath.dsv'
[7.235s] INFO:colcon.colcon_core.shell:Creating environment hook '/home/ines/Documents/challengesRos/signalProcess/install/signal_comm/share/signal_comm/hook/pythonpath.sh'
[7.236s] Level 1:colcon.colcon_core.environment:checking '/home/ines/Documents/challengesRos/signalProcess/install/signal_comm/bin'
[7.237s] Level 1:colcon.colcon_core.environment:create_environment_scripts_only(signal_comm)
[7.286s] INFO:colcon.colcon_core.shell:Creating package script '/home/ines/Documents/challengesRos/signalProcess/install/signal_comm/share/signal_comm/package.ps1'
[7.289s] INFO:colcon.colcon_core.shell:Creating package descriptor '/home/ines/Documents/challengesRos/signalProcess/install/signal_comm/share/signal_comm/package.dsv'
[7.290s] INFO:colcon.colcon_core.shell:Creating package script '/home/ines/Documents/challengesRos/signalProcess/install/signal_comm/share/signal_comm/package.sh'
[7.293s] INFO:colcon.colcon_core.shell:Creating package script '/home/ines/Documents/challengesRos/signalProcess/install/signal_comm/share/signal_comm/package.bash'
[7.295s] INFO:colcon.colcon_core.shell:Creating package script '/home/ines/Documents/challengesRos/signalProcess/install/signal_comm/share/signal_comm/package.zsh'
[7.297s] Level 1:colcon.colcon_core.environment:create_file_with_runtime_dependencies(/home/ines/Documents/challengesRos/signalProcess/install/signal_comm/share/colcon-core/packages/signal_comm)
[7.297s] DEBUG:colcon.colcon_parallel_executor.executor.parallel:closing loop
[7.299s] DEBUG:colcon.colcon_parallel_executor.executor.parallel:loop closed
[7.299s] DEBUG:colcon.colcon_parallel_executor.executor.parallel:run_until_complete finished with '0'
[7.300s] DEBUG:colcon.colcon_core.event_reactor:joining thread
[7.392s] INFO:colcon.colcon_core.plugin_system:Skipping extension 'colcon_notification.desktop_notification.terminal_notifier': Not used on non-Darwin systems
[7.392s] INFO:colcon.colcon_core.plugin_system:Skipping extension 'colcon_notification.desktop_notification.win32': Not used on non-Windows systems
[7.392s] INFO:colcon.colcon_notification.desktop_notification:Sending desktop notification using 'notify2'
[7.422s] DEBUG:colcon.colcon_core.event_reactor:joined thread
[7.483s] INFO:colcon.colcon_core.shell:Creating prefix script '/home/ines/Documents/challengesRos/signalProcess/install/local_setup.ps1'
[7.485s] INFO:colcon.colcon_core.shell:Creating prefix util module '/home/ines/Documents/challengesRos/signalProcess/install/_local_setup_util_ps1.py'
[7.490s] INFO:colcon.colcon_core.shell:Creating prefix chain script '/home/ines/Documents/challengesRos/signalProcess/install/setup.ps1'
[7.543s] INFO:colcon.colcon_core.shell:Creating prefix script '/home/ines/Documents/challengesRos/signalProcess/install/local_setup.sh'
[7.545s] INFO:colcon.colcon_core.shell:Creating prefix util module '/home/ines/Documents/challengesRos/signalProcess/install/_local_setup_util_sh.py'
[7.546s] INFO:colcon.colcon_core.shell:Creating prefix chain script '/home/ines/Documents/challengesRos/signalProcess/install/setup.sh'
[7.601s] INFO:colcon.colcon_core.shell:Creating prefix script '/home/ines/Documents/challengesRos/signalProcess/install/local_setup.bash'
[7.602s] INFO:colcon.colcon_core.shell:Creating prefix chain script '/home/ines/Documents/challengesRos/signalProcess/install/setup.bash'
[7.662s] INFO:colcon.colcon_core.shell:Creating prefix script '/home/ines/Documents/challengesRos/signalProcess/install/local_setup.zsh'
[7.663s] INFO:colcon.colcon_core.shell:Creating prefix chain script '/home/ines/Documents/challengesRos/signalProcess/install/setup.zsh'
