running egg_info
creating ../../build/signal_comm/signal_comm.egg-info
writing ../../build/signal_comm/signal_comm.egg-info/PKG-INFO
writing dependency_links to ../../build/signal_comm/signal_comm.egg-info/dependency_links.txt
writing entry points to ../../build/signal_comm/signal_comm.egg-info/entry_points.txt
writing requirements to ../../build/signal_comm/signal_comm.egg-info/requires.txt
writing top-level names to ../../build/signal_comm/signal_comm.egg-info/top_level.txt
writing manifest file '../../build/signal_comm/signal_comm.egg-info/SOURCES.txt'
reading manifest file '../../build/signal_comm/signal_comm.egg-info/SOURCES.txt'
writing manifest file '../../build/signal_comm/signal_comm.egg-info/SOURCES.txt'
running build
running build_py
creating /home/ines/Documents/challengesRos/signalProcess/build/signal_comm/build
creating /home/ines/Documents/challengesRos/signalProcess/build/signal_comm/build/lib
creating /home/ines/Documents/challengesRos/signalProcess/build/signal_comm/build/lib/signal_comm
copying signal_comm/process.py -> /home/ines/Documents/challengesRos/signalProcess/build/signal_comm/build/lib/signal_comm
copying signal_comm/signal_generator.py -> /home/ines/Documents/challengesRos/signalProcess/build/signal_comm/build/lib/signal_comm
copying signal_comm/__init__.py -> /home/ines/Documents/challengesRos/signalProcess/build/signal_comm/build/lib/signal_comm
running install
running install_lib
creating /home/ines/Documents/challengesRos/signalProcess/install/signal_comm/lib/python3.10/site-packages/signal_comm
copying /home/ines/Documents/challengesRos/signalProcess/build/signal_comm/build/lib/signal_comm/process.py -> /home/ines/Documents/challengesRos/signalProcess/install/signal_comm/lib/python3.10/site-packages/signal_comm
copying /home/ines/Documents/challengesRos/signalProcess/build/signal_comm/build/lib/signal_comm/signal_generator.py -> /home/ines/Documents/challengesRos/signalProcess/install/signal_comm/lib/python3.10/site-packages/signal_comm
copying /home/ines/Documents/challengesRos/signalProcess/build/signal_comm/build/lib/signal_comm/__init__.py -> /home/ines/Documents/challengesRos/signalProcess/install/signal_comm/lib/python3.10/site-packages/signal_comm
byte-compiling /home/ines/Documents/challengesRos/signalProcess/install/signal_comm/lib/python3.10/site-packages/signal_comm/process.py to process.cpython-310.pyc
byte-compiling /home/ines/Documents/challengesRos/signalProcess/install/signal_comm/lib/python3.10/site-packages/signal_comm/signal_generator.py to signal_generator.cpython-310.pyc
byte-compiling /home/ines/Documents/challengesRos/signalProcess/install/signal_comm/lib/python3.10/site-packages/signal_comm/__init__.py to __init__.cpython-310.pyc
running install_data
creating /home/ines/Documents/challengesRos/signalProcess/install/signal_comm/share/ament_index
creating /home/ines/Documents/challengesRos/signalProcess/install/signal_comm/share/ament_index/resource_index
creating /home/ines/Documents/challengesRos/signalProcess/install/signal_comm/share/ament_index/resource_index/packages
copying resource/signal_comm -> /home/ines/Documents/challengesRos/signalProcess/install/signal_comm/share/ament_index/resource_index/packages
copying package.xml -> /home/ines/Documents/challengesRos/signalProcess/install/signal_comm/share/signal_comm
running install_egg_info
Copying ../../build/signal_comm/signal_comm.egg-info to /home/ines/Documents/challengesRos/signalProcess/install/signal_comm/lib/python3.10/site-packages/signal_comm-0.0.0-py3.10.egg-info
running install_scripts
Installing signal_generator script to /home/ines/Documents/challengesRos/signalProcess/install/signal_comm/lib/signal_comm
writing list of installed files to '/home/ines/Documents/challengesRos/signalProcess/build/signal_comm/install.log'
