[2.222s] Invoking command in '/home/ines/Desktop/RetoRos_1/ControllerNode/src/signalCommunication': PYTHONPATH=/home/ines/Desktop/RetoRos_1/ControllerNode/build/signalCommunication/prefix_override:/home/ines/Desktop/RetoRos_1/ControllerNode/install/signalCommunication/lib/python3.10/site-packages:${PYTHONPATH} /usr/bin/python3 setup.py egg_info --egg-base ../../build/signalCommunication build --build-base /home/ines/Desktop/RetoRos_1/ControllerNode/build/signalCommunication/build install --record /home/ines/Desktop/RetoRos_1/ControllerNode/build/signalCommunication/install.log --single-version-externally-managed
[2.925s] running egg_info
[2.927s] writing ../../build/signalCommunication/signalCommunication.egg-info/PKG-INFO
[2.927s] writing dependency_links to ../../build/signalCommunication/signalCommunication.egg-info/dependency_links.txt
[2.928s] writing entry points to ../../build/signalCommunication/signalCommunication.egg-info/entry_points.txt
[2.928s] writing requirements to ../../build/signalCommunication/signalCommunication.egg-info/requires.txt
[2.929s] writing top-level names to ../../build/signalCommunication/signalCommunication.egg-info/top_level.txt
[2.933s] reading manifest file '../../build/signalCommunication/signalCommunication.egg-info/SOURCES.txt'
[2.934s] adding license file 'LICENSE'
[2.937s] writing manifest file '../../build/signalCommunication/signalCommunication.egg-info/SOURCES.txt'
[2.937s] running build
[2.937s] running build_py
[2.938s] running install
[2.939s] /usr/lib/python3/dist-packages/setuptools/command/install.py:34: SetuptoolsDeprecationWarning: setup.py install is deprecated. Use build and pip and other standards-based tools.
[2.939s]   warnings.warn(
[2.939s] running install_lib
[2.943s] running install_data
[2.944s] running install_egg_info
[2.950s] removing '/home/ines/Desktop/RetoRos_1/ControllerNode/install/signalCommunication/lib/python3.10/site-packages/signalCommunication-0.0.0-py3.10.egg-info' (and everything under it)
[2.951s] Copying ../../build/signalCommunication/signalCommunication.egg-info to /home/ines/Desktop/RetoRos_1/ControllerNode/install/signalCommunication/lib/python3.10/site-packages/signalCommunication-0.0.0-py3.10.egg-info
[2.954s] running install_scripts
[3.008s] Installing signalGenerator script to /home/ines/Desktop/RetoRos_1/ControllerNode/install/signalCommunication/lib/signalCommunication
[3.009s] writing list of installed files to '/home/ines/Desktop/RetoRos_1/ControllerNode/build/signalCommunication/install.log'
[3.075s] Invoked command in '/home/ines/Desktop/RetoRos_1/ControllerNode/src/signalCommunication' returned '0': PYTHONPATH=/home/ines/Desktop/RetoRos_1/ControllerNode/build/signalCommunication/prefix_override:/home/ines/Desktop/RetoRos_1/ControllerNode/install/signalCommunication/lib/python3.10/site-packages:${PYTHONPATH} /usr/bin/python3 setup.py egg_info --egg-base ../../build/signalCommunication build --build-base /home/ines/Desktop/RetoRos_1/ControllerNode/build/signalCommunication/build install --record /home/ines/Desktop/RetoRos_1/ControllerNode/build/signalCommunication/install.log --single-version-externally-managed
