[3.088s] DEBUG:colcon:Command line arguments: ['/usr/bin/colcon', 'build']
[3.088s] DEBUG:colcon:Parsed command line arguments: Namespace(log_base=None, log_level=None, verb_name='build', build_base='build', install_base='install', merge_install=False, symlink_install=False, test_result_base=None, continue_on_error=False, executor='parallel', parallel_workers=4, event_handlers=None, ignore_user_meta=False, metas=['./colcon.meta'], base_paths=['.'], packages_ignore=None, packages_ignore_regex=None, paths=None, packages_up_to=None, packages_up_to_regex=None, packages_above=None, packages_above_and_dependencies=None, packages_above_depth=None, packages_select_by_dep=None, packages_skip_by_dep=None, packages_skip_up_to=None, packages_select_build_failed=False, packages_skip_build_finished=False, packages_select_test_failures=False, packages_skip_test_passed=False, packages_select=None, packages_skip=None, packages_select_regex=None, packages_skip_regex=None, packages_start=None, packages_end=None, allow_overriding=[], cmake_args=None, cmake_target=None, cmake_target_skip_unavailable=False, cmake_clean_cache=False, cmake_clean_first=False, cmake_force_configure=False, ament_cmake_args=None, catkin_cmake_args=None, catkin_skip_building_tests=False, verb_parser=<colcon_defaults.argument_parser.defaults.DefaultArgumentsDecorator object at 0x7f14de8f00d0>, verb_extension=<colcon_core.verb.build.BuildVerb object at 0x7f14deb52830>, main=<bound method BuildVerb.main of <colcon_core.verb.build.BuildVerb object at 0x7f14deb52830>>)
[3.234s] Level 1:colcon.colcon_core.package_discovery:discover_packages(colcon_meta) check parameters
[3.234s] Level 1:colcon.colcon_core.package_discovery:discover_packages(recursive) check parameters
[3.234s] Level 1:colcon.colcon_core.package_discovery:discover_packages(ignore) check parameters
[3.234s] Level 1:colcon.colcon_core.package_discovery:discover_packages(path) check parameters
[3.234s] Level 1:colcon.colcon_core.package_discovery:discover_packages(colcon_meta) discover
[3.235s] Level 1:colcon.colcon_core.package_discovery:discover_packages(recursive) discover
[3.235s] INFO:colcon.colcon_core.package_discovery:Crawling recursively for packages in '/home/ines/Desktop/RetoRos_1/ControllerNode'
[3.235s] Level 1:colcon.colcon_core.package_identification:_identify(.) by extensions ['ignore', 'ignore_ament_install']
[3.236s] Level 1:colcon.colcon_core.package_identification:_identify(.) by extension 'ignore'
[3.236s] Level 1:colcon.colcon_core.package_identification:_identify(.) by extension 'ignore_ament_install'
[3.236s] Level 1:colcon.colcon_core.package_identification:_identify(.) by extensions ['colcon_pkg']
[3.236s] Level 1:colcon.colcon_core.package_identification:_identify(.) by extension 'colcon_pkg'
[3.236s] Level 1:colcon.colcon_core.package_identification:_identify(.) by extensions ['colcon_meta']
[3.237s] Level 1:colcon.colcon_core.package_identification:_identify(.) by extension 'colcon_meta'
[3.237s] Level 1:colcon.colcon_core.package_identification:_identify(.) by extensions ['ros']
[3.237s] Level 1:colcon.colcon_core.package_identification:_identify(.) by extension 'ros'
[3.268s] Level 1:colcon.colcon_core.package_identification:_identify(.) by extensions ['cmake', 'python']
[3.268s] Level 1:colcon.colcon_core.package_identification:_identify(.) by extension 'cmake'
[3.268s] Level 1:colcon.colcon_core.package_identification:_identify(.) by extension 'python'
[3.268s] Level 1:colcon.colcon_core.package_identification:_identify(.) by extensions ['python_setup_py']
[3.268s] Level 1:colcon.colcon_core.package_identification:_identify(.) by extension 'python_setup_py'
[3.269s] Level 1:colcon.colcon_core.package_identification:_identify(build) by extensions ['ignore', 'ignore_ament_install']
[3.269s] Level 1:colcon.colcon_core.package_identification:_identify(build) by extension 'ignore'
[3.269s] Level 1:colcon.colcon_core.package_identification:_identify(build) ignored
[3.270s] Level 1:colcon.colcon_core.package_identification:_identify(install) by extensions ['ignore', 'ignore_ament_install']
[3.270s] Level 1:colcon.colcon_core.package_identification:_identify(install) by extension 'ignore'
[3.270s] Level 1:colcon.colcon_core.package_identification:_identify(install) ignored
[3.271s] Level 1:colcon.colcon_core.package_identification:_identify(log) by extensions ['ignore', 'ignore_ament_install']
[3.271s] Level 1:colcon.colcon_core.package_identification:_identify(log) by extension 'ignore'
[3.271s] Level 1:colcon.colcon_core.package_identification:_identify(log) ignored
[3.272s] Level 1:colcon.colcon_core.package_identification:_identify(src) by extensions ['ignore', 'ignore_ament_install']
[3.272s] Level 1:colcon.colcon_core.package_identification:_identify(src) by extension 'ignore'
[3.272s] Level 1:colcon.colcon_core.package_identification:_identify(src) by extension 'ignore_ament_install'
[3.272s] Level 1:colcon.colcon_core.package_identification:_identify(src) by extensions ['colcon_pkg']
[3.273s] Level 1:colcon.colcon_core.package_identification:_identify(src) by extension 'colcon_pkg'
[3.273s] Level 1:colcon.colcon_core.package_identification:_identify(src) by extensions ['colcon_meta']
[3.273s] Level 1:colcon.colcon_core.package_identification:_identify(src) by extension 'colcon_meta'
[3.273s] Level 1:colcon.colcon_core.package_identification:_identify(src) by extensions ['ros']
[3.273s] Level 1:colcon.colcon_core.package_identification:_identify(src) by extension 'ros'
[3.274s] Level 1:colcon.colcon_core.package_identification:_identify(src) by extensions ['cmake', 'python']
[3.274s] Level 1:colcon.colcon_core.package_identification:_identify(src) by extension 'cmake'
[3.274s] Level 1:colcon.colcon_core.package_identification:_identify(src) by extension 'python'
[3.274s] Level 1:colcon.colcon_core.package_identification:_identify(src) by extensions ['python_setup_py']
[3.274s] Level 1:colcon.colcon_core.package_identification:_identify(src) by extension 'python_setup_py'
[3.275s] Level 1:colcon.colcon_core.package_identification:_identify(src/signalCommunication) by extensions ['ignore', 'ignore_ament_install']
[3.275s] Level 1:colcon.colcon_core.package_identification:_identify(src/signalCommunication) by extension 'ignore'
[3.275s] Level 1:colcon.colcon_core.package_identification:_identify(src/signalCommunication) by extension 'ignore_ament_install'
[3.276s] Level 1:colcon.colcon_core.package_identification:_identify(src/signalCommunication) by extensions ['colcon_pkg']
[3.276s] Level 1:colcon.colcon_core.package_identification:_identify(src/signalCommunication) by extension 'colcon_pkg'
[3.276s] Level 1:colcon.colcon_core.package_identification:_identify(src/signalCommunication) by extensions ['colcon_meta']
[3.276s] Level 1:colcon.colcon_core.package_identification:_identify(src/signalCommunication) by extension 'colcon_meta'
[3.276s] Level 1:colcon.colcon_core.package_identification:_identify(src/signalCommunication) by extensions ['ros']
[3.276s] Level 1:colcon.colcon_core.package_identification:_identify(src/signalCommunication) by extension 'ros'
[3.283s] DEBUG:colcon.colcon_core.package_identification:Package 'src/signalCommunication' with type 'ros.ament_python' and name 'signalCommunication'
[3.283s] Level 1:colcon.colcon_core.package_discovery:discover_packages(recursive) using defaults
[3.283s] Level 1:colcon.colcon_core.package_discovery:discover_packages(ignore) discover
[3.283s] Level 1:colcon.colcon_core.package_discovery:discover_packages(ignore) using defaults
[3.283s] Level 1:colcon.colcon_core.package_discovery:discover_packages(path) discover
[3.284s] Level 1:colcon.colcon_core.package_discovery:discover_packages(path) using defaults
[3.571s] Level 1:colcon.colcon_core.package_discovery:discover_packages(prefix_path) check parameters
[3.572s] Level 1:colcon.colcon_core.package_discovery:discover_packages(prefix_path) discover
[3.672s] DEBUG:colcon.colcon_installed_package_information.package_discovery:Found 3 installed packages in /home/ines/ros2_utilities_ws/install
[3.758s] DEBUG:colcon.colcon_installed_package_information.package_discovery:Found 270 installed packages in /opt/ros/humble
[3.766s] Level 1:colcon.colcon_core.package_discovery:discover_packages(prefix_path) using defaults
[4.076s] Level 5:colcon.colcon_core.verb:set package 'signalCommunication' build argument 'cmake_args' from command line to 'None'
[4.076s] Level 5:colcon.colcon_core.verb:set package 'signalCommunication' build argument 'cmake_target' from command line to 'None'
[4.076s] Level 5:colcon.colcon_core.verb:set package 'signalCommunication' build argument 'cmake_target_skip_unavailable' from command line to 'False'
[4.076s] Level 5:colcon.colcon_core.verb:set package 'signalCommunication' build argument 'cmake_clean_cache' from command line to 'False'
[4.076s] Level 5:colcon.colcon_core.verb:set package 'signalCommunication' build argument 'cmake_clean_first' from command line to 'False'
[4.076s] Level 5:colcon.colcon_core.verb:set package 'signalCommunication' build argument 'cmake_force_configure' from command line to 'False'
[4.076s] Level 5:colcon.colcon_core.verb:set package 'signalCommunication' build argument 'ament_cmake_args' from command line to 'None'
[4.076s] Level 5:colcon.colcon_core.verb:set package 'signalCommunication' build argument 'catkin_cmake_args' from command line to 'None'
[4.076s] Level 5:colcon.colcon_core.verb:set package 'signalCommunication' build argument 'catkin_skip_building_tests' from command line to 'False'
[4.077s] DEBUG:colcon.colcon_core.verb:Building package 'signalCommunication' with the following arguments: {'ament_cmake_args': None, 'build_base': '/home/ines/Desktop/RetoRos_1/ControllerNode/build/signalCommunication', 'catkin_cmake_args': None, 'catkin_skip_building_tests': False, 'cmake_args': None, 'cmake_clean_cache': False, 'cmake_clean_first': False, 'cmake_force_configure': False, 'cmake_target': None, 'cmake_target_skip_unavailable': False, 'install_base': '/home/ines/Desktop/RetoRos_1/ControllerNode/install/signalCommunication', 'merge_install': False, 'path': '/home/ines/Desktop/RetoRos_1/ControllerNode/src/signalCommunication', 'symlink_install': False, 'test_result_base': None}
[4.122s] INFO:colcon.colcon_core.executor:Executing jobs using 'parallel' executor
[4.182s] DEBUG:colcon.colcon_parallel_executor.executor.parallel:run_until_complete
[4.182s] INFO:colcon.colcon_ros.task.ament_python.build:Building ROS package in '/home/ines/Desktop/RetoRos_1/ControllerNode/src/signalCommunication' with build type 'ament_python'
[4.183s] Level 1:colcon.colcon_core.shell:create_environment_hook('signalCommunication', 'ament_prefix_path')
[4.240s] INFO:colcon.colcon_core.plugin_system:Skipping extension 'colcon_core.shell.bat': Not used on non-Windows systems
[4.240s] INFO:colcon.colcon_core.shell:Creating environment hook '/home/ines/Desktop/RetoRos_1/ControllerNode/install/signalCommunication/share/signalCommunication/hook/ament_prefix_path.ps1'
[4.242s] INFO:colcon.colcon_core.shell:Creating environment descriptor '/home/ines/Desktop/RetoRos_1/ControllerNode/install/signalCommunication/share/signalCommunication/hook/ament_prefix_path.dsv'
[4.243s] INFO:colcon.colcon_core.shell:Creating environment hook '/home/ines/Desktop/RetoRos_1/ControllerNode/install/signalCommunication/share/signalCommunication/hook/ament_prefix_path.sh'
[4.292s] INFO:colcon.colcon_core.shell:Skip shell extension 'powershell' for command environment: Not usable outside of PowerShell
[4.292s] DEBUG:colcon.colcon_core.shell:Skip shell extension 'dsv' for command environment
[5.255s] INFO:colcon.colcon_core.task.python.build:Building Python package in '/home/ines/Desktop/RetoRos_1/ControllerNode/src/signalCommunication'
[5.343s] INFO:colcon.colcon_core.shell:Skip shell extension 'powershell' for command environment: Not usable outside of PowerShell
[5.343s] DEBUG:colcon.colcon_core.shell:Skip shell extension 'dsv' for command environment
[6.469s] DEBUG:colcon.colcon_core.event_handler.log_command:Invoking command in '/home/ines/Desktop/RetoRos_1/ControllerNode/src/signalCommunication': PYTHONPATH=/home/ines/Desktop/RetoRos_1/ControllerNode/build/signalCommunication/prefix_override:/home/ines/Desktop/RetoRos_1/ControllerNode/install/signalCommunication/lib/python3.10/site-packages:${PYTHONPATH} /usr/bin/python3 setup.py egg_info --egg-base ../../build/signalCommunication build --build-base /home/ines/Desktop/RetoRos_1/ControllerNode/build/signalCommunication/build install --record /home/ines/Desktop/RetoRos_1/ControllerNode/build/signalCommunication/install.log --single-version-externally-managed
[7.340s] DEBUG:colcon.colcon_core.event_handler.log_command:Invoked command in '/home/ines/Desktop/RetoRos_1/ControllerNode/src/signalCommunication' returned '0': PYTHONPATH=/home/ines/Desktop/RetoRos_1/ControllerNode/build/signalCommunication/prefix_override:/home/ines/Desktop/RetoRos_1/ControllerNode/install/signalCommunication/lib/python3.10/site-packages:${PYTHONPATH} /usr/bin/python3 setup.py egg_info --egg-base ../../build/signalCommunication build --build-base /home/ines/Desktop/RetoRos_1/ControllerNode/build/signalCommunication/build install --record /home/ines/Desktop/RetoRos_1/ControllerNode/build/signalCommunication/install.log --single-version-externally-managed
[7.392s] Level 1:colcon.colcon_core.environment:checking '/home/ines/Desktop/RetoRos_1/ControllerNode/install/signalCommunication' for CMake module files
[7.393s] Level 1:colcon.colcon_core.environment:checking '/home/ines/Desktop/RetoRos_1/ControllerNode/install/signalCommunication' for CMake config files
[7.395s] Level 1:colcon.colcon_core.environment:checking '/home/ines/Desktop/RetoRos_1/ControllerNode/install/signalCommunication/lib'
[7.396s] Level 1:colcon.colcon_core.environment:checking '/home/ines/Desktop/RetoRos_1/ControllerNode/install/signalCommunication/bin'
[7.396s] Level 1:colcon.colcon_core.environment:checking '/home/ines/Desktop/RetoRos_1/ControllerNode/install/signalCommunication/lib/pkgconfig/signalCommunication.pc'
[7.397s] Level 1:colcon.colcon_core.environment:checking '/home/ines/Desktop/RetoRos_1/ControllerNode/install/signalCommunication/lib/python3.10/site-packages'
[7.397s] Level 1:colcon.colcon_core.shell:create_environment_hook('signalCommunication', 'pythonpath')
[7.445s] INFO:colcon.colcon_core.shell:Creating environment hook '/home/ines/Desktop/RetoRos_1/ControllerNode/install/signalCommunication/share/signalCommunication/hook/pythonpath.ps1'
[7.447s] INFO:colcon.colcon_core.shell:Creating environment descriptor '/home/ines/Desktop/RetoRos_1/ControllerNode/install/signalCommunication/share/signalCommunication/hook/pythonpath.dsv'
[7.448s] INFO:colcon.colcon_core.shell:Creating environment hook '/home/ines/Desktop/RetoRos_1/ControllerNode/install/signalCommunication/share/signalCommunication/hook/pythonpath.sh'
[7.449s] Level 1:colcon.colcon_core.environment:checking '/home/ines/Desktop/RetoRos_1/ControllerNode/install/signalCommunication/bin'
[7.449s] Level 1:colcon.colcon_core.environment:create_environment_scripts_only(signalCommunication)
[7.503s] INFO:colcon.colcon_core.shell:Creating package script '/home/ines/Desktop/RetoRos_1/ControllerNode/install/signalCommunication/share/signalCommunication/package.ps1'
[7.506s] INFO:colcon.colcon_core.shell:Creating package descriptor '/home/ines/Desktop/RetoRos_1/ControllerNode/install/signalCommunication/share/signalCommunication/package.dsv'
[7.509s] INFO:colcon.colcon_core.shell:Creating package script '/home/ines/Desktop/RetoRos_1/ControllerNode/install/signalCommunication/share/signalCommunication/package.sh'
[7.511s] INFO:colcon.colcon_core.shell:Creating package script '/home/ines/Desktop/RetoRos_1/ControllerNode/install/signalCommunication/share/signalCommunication/package.bash'
[7.514s] INFO:colcon.colcon_core.shell:Creating package script '/home/ines/Desktop/RetoRos_1/ControllerNode/install/signalCommunication/share/signalCommunication/package.zsh'
[7.517s] Level 1:colcon.colcon_core.environment:create_file_with_runtime_dependencies(/home/ines/Desktop/RetoRos_1/ControllerNode/install/signalCommunication/share/colcon-core/packages/signalCommunication)
[7.518s] DEBUG:colcon.colcon_parallel_executor.executor.parallel:closing loop
[7.519s] DEBUG:colcon.colcon_parallel_executor.executor.parallel:loop closed
[7.519s] DEBUG:colcon.colcon_parallel_executor.executor.parallel:run_until_complete finished with '0'
[7.520s] DEBUG:colcon.colcon_core.event_reactor:joining thread
[7.593s] INFO:colcon.colcon_core.plugin_system:Skipping extension 'colcon_notification.desktop_notification.terminal_notifier': Not used on non-Darwin systems
[7.594s] INFO:colcon.colcon_core.plugin_system:Skipping extension 'colcon_notification.desktop_notification.win32': Not used on non-Windows systems
[7.594s] INFO:colcon.colcon_notification.desktop_notification:Sending desktop notification using 'notify2'
[7.634s] DEBUG:colcon.colcon_core.event_reactor:joined thread
[7.698s] INFO:colcon.colcon_core.shell:Creating prefix script '/home/ines/Desktop/RetoRos_1/ControllerNode/install/local_setup.ps1'
[7.700s] INFO:colcon.colcon_core.shell:Creating prefix util module '/home/ines/Desktop/RetoRos_1/ControllerNode/install/_local_setup_util_ps1.py'
[7.704s] INFO:colcon.colcon_core.shell:Creating prefix chain script '/home/ines/Desktop/RetoRos_1/ControllerNode/install/setup.ps1'
[7.760s] INFO:colcon.colcon_core.shell:Creating prefix script '/home/ines/Desktop/RetoRos_1/ControllerNode/install/local_setup.sh'
[7.762s] INFO:colcon.colcon_core.shell:Creating prefix util module '/home/ines/Desktop/RetoRos_1/ControllerNode/install/_local_setup_util_sh.py'
[7.763s] INFO:colcon.colcon_core.shell:Creating prefix chain script '/home/ines/Desktop/RetoRos_1/ControllerNode/install/setup.sh'
[7.816s] INFO:colcon.colcon_core.shell:Creating prefix script '/home/ines/Desktop/RetoRos_1/ControllerNode/install/local_setup.bash'
[7.818s] INFO:colcon.colcon_core.shell:Creating prefix chain script '/home/ines/Desktop/RetoRos_1/ControllerNode/install/setup.bash'
[7.876s] INFO:colcon.colcon_core.shell:Creating prefix script '/home/ines/Desktop/RetoRos_1/ControllerNode/install/local_setup.zsh'
[7.877s] INFO:colcon.colcon_core.shell:Creating prefix chain script '/home/ines/Desktop/RetoRos_1/ControllerNode/install/setup.zsh'
