[2.209s] Invoking command in '/home/ines/Documents/challengesRos/challenge2/src/signal_comm': PYTHONPATH=/home/ines/Documents/challengesRos/challenge2/build/signal_comm/prefix_override:/home/ines/Documents/challengesRos/challenge2/install/signal_comm/lib/python3.10/site-packages:${PYTHONPATH} /usr/bin/python3 setup.py egg_info --egg-base ../../build/signal_comm build --build-base /home/ines/Documents/challengesRos/challenge2/build/signal_comm/build install --record /home/ines/Documents/challengesRos/challenge2/build/signal_comm/install.log --single-version-externally-managed
[2.913s] running egg_info
[2.916s] writing ../../build/signal_comm/signal_comm.egg-info/PKG-INFO
[2.918s] writing dependency_links to ../../build/signal_comm/signal_comm.egg-info/dependency_links.txt
[2.919s] writing entry points to ../../build/signal_comm/signal_comm.egg-info/entry_points.txt
[2.919s] writing requirements to ../../build/signal_comm/signal_comm.egg-info/requires.txt
[2.920s] writing top-level names to ../../build/signal_comm/signal_comm.egg-info/top_level.txt
[2.925s] reading manifest file '../../build/signal_comm/signal_comm.egg-info/SOURCES.txt'
[2.928s] writing manifest file '../../build/signal_comm/signal_comm.egg-info/SOURCES.txt'
[2.929s] running build
[2.929s] running build_py
[2.929s] copying signal_comm/process.py -> /home/ines/Documents/challengesRos/challenge2/build/signal_comm/build/lib/signal_comm
[2.930s] copying signal_comm/signal_generator.py -> /home/ines/Documents/challengesRos/challenge2/build/signal_comm/build/lib/signal_comm
[2.930s] running install
[2.931s] /usr/lib/python3/dist-packages/setuptools/command/install.py:34: SetuptoolsDeprecationWarning: setup.py install is deprecated. Use build and pip and other standards-based tools.
[2.931s]   warnings.warn(
[2.932s] running install_lib
[2.935s] copying /home/ines/Documents/challengesRos/challenge2/build/signal_comm/build/lib/signal_comm/process.py -> /home/ines/Documents/challengesRos/challenge2/install/signal_comm/lib/python3.10/site-packages/signal_comm
[2.935s] copying /home/ines/Documents/challengesRos/challenge2/build/signal_comm/build/lib/signal_comm/signal_generator.py -> /home/ines/Documents/challengesRos/challenge2/install/signal_comm/lib/python3.10/site-packages/signal_comm
[2.938s] byte-compiling /home/ines/Documents/challengesRos/challenge2/install/signal_comm/lib/python3.10/site-packages/signal_comm/process.py to process.cpython-310.pyc
[2.939s] byte-compiling /home/ines/Documents/challengesRos/challenge2/install/signal_comm/lib/python3.10/site-packages/signal_comm/signal_generator.py to signal_generator.cpython-310.pyc
[2.944s] running install_data
[2.946s] running install_egg_info
[2.950s] removing '/home/ines/Documents/challengesRos/challenge2/install/signal_comm/lib/python3.10/site-packages/signal_comm-0.0.0-py3.10.egg-info' (and everything under it)
[2.951s] Copying ../../build/signal_comm/signal_comm.egg-info to /home/ines/Documents/challengesRos/challenge2/install/signal_comm/lib/python3.10/site-packages/signal_comm-0.0.0-py3.10.egg-info
[2.954s] running install_scripts
[3.008s] Installing process script to /home/ines/Documents/challengesRos/challenge2/install/signal_comm/lib/signal_comm
[3.008s] Installing signal_generator script to /home/ines/Documents/challengesRos/challenge2/install/signal_comm/lib/signal_comm
[3.009s] writing list of installed files to '/home/ines/Documents/challengesRos/challenge2/build/signal_comm/install.log'
[3.065s] Invoked command in '/home/ines/Documents/challengesRos/challenge2/src/signal_comm' returned '0': PYTHONPATH=/home/ines/Documents/challengesRos/challenge2/build/signal_comm/prefix_override:/home/ines/Documents/challengesRos/challenge2/install/signal_comm/lib/python3.10/site-packages:${PYTHONPATH} /usr/bin/python3 setup.py egg_info --egg-base ../../build/signal_comm build --build-base /home/ines/Documents/challengesRos/challenge2/build/signal_comm/build install --record /home/ines/Documents/challengesRos/challenge2/build/signal_comm/install.log --single-version-externally-managed
