[3.098s] DEBUG:colcon:Command line arguments: ['/usr/bin/colcon', 'build']
[3.099s] DEBUG:colcon:Parsed command line arguments: Namespace(log_base=None, log_level=None, verb_name='build', build_base='build', install_base='install', merge_install=False, symlink_install=False, test_result_base=None, continue_on_error=False, executor='parallel', parallel_workers=4, event_handlers=None, ignore_user_meta=False, metas=['./colcon.meta'], base_paths=['.'], packages_ignore=None, packages_ignore_regex=None, paths=None, packages_up_to=None, packages_up_to_regex=None, packages_above=None, packages_above_and_dependencies=None, packages_above_depth=None, packages_select_by_dep=None, packages_skip_by_dep=None, packages_skip_up_to=None, packages_select_build_failed=False, packages_skip_build_finished=False, packages_select_test_failures=False, packages_skip_test_passed=False, packages_select=None, packages_skip=None, packages_select_regex=None, packages_skip_regex=None, packages_start=None, packages_end=None, allow_overriding=[], cmake_args=None, cmake_target=None, cmake_target_skip_unavailable=False, cmake_clean_cache=False, cmake_clean_first=False, cmake_force_configure=False, ament_cmake_args=None, catkin_cmake_args=None, catkin_skip_building_tests=False, verb_parser=<colcon_defaults.argument_parser.defaults.DefaultArgumentsDecorator object at 0x7fc87f9f35e0>, verb_extension=<colcon_core.verb.build.BuildVerb object at 0x7fc87fc4e9b0>, main=<bound method BuildVerb.main of <colcon_core.verb.build.BuildVerb object at 0x7fc87fc4e9b0>>)
[3.261s] Level 1:colcon.colcon_core.package_discovery:discover_packages(colcon_meta) check parameters
[3.261s] Level 1:colcon.colcon_core.package_discovery:discover_packages(recursive) check parameters
[3.261s] Level 1:colcon.colcon_core.package_discovery:discover_packages(ignore) check parameters
[3.262s] Level 1:colcon.colcon_core.package_discovery:discover_packages(path) check parameters
[3.262s] Level 1:colcon.colcon_core.package_discovery:discover_packages(colcon_meta) discover
[3.262s] Level 1:colcon.colcon_core.package_discovery:discover_packages(recursive) discover
[3.262s] INFO:colcon.colcon_core.package_discovery:Crawling recursively for packages in '/home/ines/Desktop/RetoRos_1/ControllerNode'
[3.262s] Level 1:colcon.colcon_core.package_identification:_identify(.) by extensions ['ignore', 'ignore_ament_install']
[3.263s] Level 1:colcon.colcon_core.package_identification:_identify(.) by extension 'ignore'
[3.263s] Level 1:colcon.colcon_core.package_identification:_identify(.) by extension 'ignore_ament_install'
[3.263s] Level 1:colcon.colcon_core.package_identification:_identify(.) by extensions ['colcon_pkg']
[3.264s] Level 1:colcon.colcon_core.package_identification:_identify(.) by extension 'colcon_pkg'
[3.264s] Level 1:colcon.colcon_core.package_identification:_identify(.) by extensions ['colcon_meta']
[3.264s] Level 1:colcon.colcon_core.package_identification:_identify(.) by extension 'colcon_meta'
[3.264s] Level 1:colcon.colcon_core.package_identification:_identify(.) by extensions ['ros']
[3.264s] Level 1:colcon.colcon_core.package_identification:_identify(.) by extension 'ros'
[3.302s] Level 1:colcon.colcon_core.package_identification:_identify(.) by extensions ['cmake', 'python']
[3.302s] Level 1:colcon.colcon_core.package_identification:_identify(.) by extension 'cmake'
[3.302s] Level 1:colcon.colcon_core.package_identification:_identify(.) by extension 'python'
[3.302s] Level 1:colcon.colcon_core.package_identification:_identify(.) by extensions ['python_setup_py']
[3.303s] Level 1:colcon.colcon_core.package_identification:_identify(.) by extension 'python_setup_py'
[3.303s] Level 1:colcon.colcon_core.package_identification:_identify(build) by extensions ['ignore', 'ignore_ament_install']
[3.304s] Level 1:colcon.colcon_core.package_identification:_identify(build) by extension 'ignore'
[3.304s] Level 1:colcon.colcon_core.package_identification:_identify(build) ignored
[3.304s] Level 1:colcon.colcon_core.package_identification:_identify(install) by extensions ['ignore', 'ignore_ament_install']
[3.305s] Level 1:colcon.colcon_core.package_identification:_identify(install) by extension 'ignore'
[3.305s] Level 1:colcon.colcon_core.package_identification:_identify(install) ignored
[3.305s] Level 1:colcon.colcon_core.package_identification:_identify(log) by extensions ['ignore', 'ignore_ament_install']
[3.306s] Level 1:colcon.colcon_core.package_identification:_identify(log) by extension 'ignore'
[3.306s] Level 1:colcon.colcon_core.package_identification:_identify(log) ignored
[3.306s] Level 1:colcon.colcon_core.package_identification:_identify(src) by extensions ['ignore', 'ignore_ament_install']
[3.306s] Level 1:colcon.colcon_core.package_identification:_identify(src) by extension 'ignore'
[3.307s] Level 1:colcon.colcon_core.package_identification:_identify(src) by extension 'ignore_ament_install'
[3.307s] Level 1:colcon.colcon_core.package_identification:_identify(src) by extensions ['colcon_pkg']
[3.307s] Level 1:colcon.colcon_core.package_identification:_identify(src) by extension 'colcon_pkg'
[3.307s] Level 1:colcon.colcon_core.package_identification:_identify(src) by extensions ['colcon_meta']
[3.307s] Level 1:colcon.colcon_core.package_identification:_identify(src) by extension 'colcon_meta'
[3.307s] Level 1:colcon.colcon_core.package_identification:_identify(src) by extensions ['ros']
[3.308s] Level 1:colcon.colcon_core.package_identification:_identify(src) by extension 'ros'
[3.308s] Level 1:colcon.colcon_core.package_identification:_identify(src) by extensions ['cmake', 'python']
[3.308s] Level 1:colcon.colcon_core.package_identification:_identify(src) by extension 'cmake'
[3.308s] Level 1:colcon.colcon_core.package_identification:_identify(src) by extension 'python'
[3.308s] Level 1:colcon.colcon_core.package_identification:_identify(src) by extensions ['python_setup_py']
[3.309s] Level 1:colcon.colcon_core.package_identification:_identify(src) by extension 'python_setup_py'
[3.309s] Level 1:colcon.colcon_core.package_identification:_identify(src/signalCommunication) by extensions ['ignore', 'ignore_ament_install']
[3.309s] Level 1:colcon.colcon_core.package_identification:_identify(src/signalCommunication) by extension 'ignore'
[3.309s] Level 1:colcon.colcon_core.package_identification:_identify(src/signalCommunication) by extension 'ignore_ament_install'
[3.309s] Level 1:colcon.colcon_core.package_identification:_identify(src/signalCommunication) by extensions ['colcon_pkg']
[3.310s] Level 1:colcon.colcon_core.package_identification:_identify(src/signalCommunication) by extension 'colcon_pkg'
[3.310s] Level 1:colcon.colcon_core.package_identification:_identify(src/signalCommunication) by extensions ['colcon_meta']
[3.310s] Level 1:colcon.colcon_core.package_identification:_identify(src/signalCommunication) by extension 'colcon_meta'
[3.310s] Level 1:colcon.colcon_core.package_identification:_identify(src/signalCommunication) by extensions ['ros']
[3.310s] Level 1:colcon.colcon_core.package_identification:_identify(src/signalCommunication) by extension 'ros'
[3.318s] DEBUG:colcon.colcon_core.package_identification:Package 'src/signalCommunication' with type 'ros.ament_python' and name 'signalCommunication'
[3.318s] Level 1:colcon.colcon_core.package_discovery:discover_packages(recursive) using defaults
[3.318s] Level 1:colcon.colcon_core.package_discovery:discover_packages(ignore) discover
[3.318s] Level 1:colcon.colcon_core.package_discovery:discover_packages(ignore) using defaults
[3.318s] Level 1:colcon.colcon_core.package_discovery:discover_packages(path) discover
[3.319s] Level 1:colcon.colcon_core.package_discovery:discover_packages(path) using defaults
[3.643s] Level 1:colcon.colcon_core.package_discovery:discover_packages(prefix_path) check parameters
[3.644s] Level 1:colcon.colcon_core.package_discovery:discover_packages(prefix_path) discover
[3.751s] DEBUG:colcon.colcon_installed_package_information.package_discovery:Found 3 installed packages in /home/ines/ros2_utilities_ws/install
[3.808s] DEBUG:colcon.colcon_installed_package_information.package_discovery:Found 270 installed packages in /opt/ros/humble
[3.813s] Level 1:colcon.colcon_core.package_discovery:discover_packages(prefix_path) using defaults
[4.120s] Level 5:colcon.colcon_core.verb:set package 'signalCommunication' build argument 'cmake_args' from command line to 'None'
[4.120s] Level 5:colcon.colcon_core.verb:set package 'signalCommunication' build argument 'cmake_target' from command line to 'None'
[4.120s] Level 5:colcon.colcon_core.verb:set package 'signalCommunication' build argument 'cmake_target_skip_unavailable' from command line to 'False'
[4.121s] Level 5:colcon.colcon_core.verb:set package 'signalCommunication' build argument 'cmake_clean_cache' from command line to 'False'
[4.121s] Level 5:colcon.colcon_core.verb:set package 'signalCommunication' build argument 'cmake_clean_first' from command line to 'False'
[4.121s] Level 5:colcon.colcon_core.verb:set package 'signalCommunication' build argument 'cmake_force_configure' from command line to 'False'
[4.121s] Level 5:colcon.colcon_core.verb:set package 'signalCommunication' build argument 'ament_cmake_args' from command line to 'None'
[4.121s] Level 5:colcon.colcon_core.verb:set package 'signalCommunication' build argument 'catkin_cmake_args' from command line to 'None'
[4.121s] Level 5:colcon.colcon_core.verb:set package 'signalCommunication' build argument 'catkin_skip_building_tests' from command line to 'False'
[4.121s] DEBUG:colcon.colcon_core.verb:Building package 'signalCommunication' with the following arguments: {'ament_cmake_args': None, 'build_base': '/home/ines/Desktop/RetoRos_1/ControllerNode/build/signalCommunication', 'catkin_cmake_args': None, 'catkin_skip_building_tests': False, 'cmake_args': None, 'cmake_clean_cache': False, 'cmake_clean_first': False, 'cmake_force_configure': False, 'cmake_target': None, 'cmake_target_skip_unavailable': False, 'install_base': '/home/ines/Desktop/RetoRos_1/ControllerNode/install/signalCommunication', 'merge_install': False, 'path': '/home/ines/Desktop/RetoRos_1/ControllerNode/src/signalCommunication', 'symlink_install': False, 'test_result_base': None}
[4.167s] INFO:colcon.colcon_core.executor:Executing jobs using 'parallel' executor
[4.215s] DEBUG:colcon.colcon_parallel_executor.executor.parallel:run_until_complete
[4.216s] INFO:colcon.colcon_ros.task.ament_python.build:Building ROS package in '/home/ines/Desktop/RetoRos_1/ControllerNode/src/signalCommunication' with build type 'ament_python'
[4.216s] Level 1:colcon.colcon_core.shell:create_environment_hook('signalCommunication', 'ament_prefix_path')
[4.276s] INFO:colcon.colcon_core.plugin_system:Skipping extension 'colcon_core.shell.bat': Not used on non-Windows systems
[4.277s] INFO:colcon.colcon_core.shell:Creating environment hook '/home/ines/Desktop/RetoRos_1/ControllerNode/install/signalCommunication/share/signalCommunication/hook/ament_prefix_path.ps1'
[4.279s] INFO:colcon.colcon_core.shell:Creating environment descriptor '/home/ines/Desktop/RetoRos_1/ControllerNode/install/signalCommunication/share/signalCommunication/hook/ament_prefix_path.dsv'
[4.280s] INFO:colcon.colcon_core.shell:Creating environment hook '/home/ines/Desktop/RetoRos_1/ControllerNode/install/signalCommunication/share/signalCommunication/hook/ament_prefix_path.sh'
[4.337s] INFO:colcon.colcon_core.shell:Skip shell extension 'powershell' for command environment: Not usable outside of PowerShell
[4.337s] DEBUG:colcon.colcon_core.shell:Skip shell extension 'dsv' for command environment
[5.290s] INFO:colcon.colcon_core.task.python.build:Building Python package in '/home/ines/Desktop/RetoRos_1/ControllerNode/src/signalCommunication'
[5.343s] INFO:colcon.colcon_core.shell:Skip shell extension 'powershell' for command environment: Not usable outside of PowerShell
[5.343s] DEBUG:colcon.colcon_core.shell:Skip shell extension 'dsv' for command environment
[6.442s] DEBUG:colcon.colcon_core.event_handler.log_command:Invoking command in '/home/ines/Desktop/RetoRos_1/ControllerNode/src/signalCommunication': PYTHONPATH=/home/ines/Desktop/RetoRos_1/ControllerNode/build/signalCommunication/prefix_override:/home/ines/Desktop/RetoRos_1/ControllerNode/install/signalCommunication/lib/python3.10/site-packages:${PYTHONPATH} /usr/bin/python3 setup.py egg_info --egg-base ../../build/signalCommunication build --build-base /home/ines/Desktop/RetoRos_1/ControllerNode/build/signalCommunication/build install --record /home/ines/Desktop/RetoRos_1/ControllerNode/build/signalCommunication/install.log --single-version-externally-managed
[7.292s] DEBUG:colcon.colcon_core.event_handler.log_command:Invoked command in '/home/ines/Desktop/RetoRos_1/ControllerNode/src/signalCommunication' returned '0': PYTHONPATH=/home/ines/Desktop/RetoRos_1/ControllerNode/build/signalCommunication/prefix_override:/home/ines/Desktop/RetoRos_1/ControllerNode/install/signalCommunication/lib/python3.10/site-packages:${PYTHONPATH} /usr/bin/python3 setup.py egg_info --egg-base ../../build/signalCommunication build --build-base /home/ines/Desktop/RetoRos_1/ControllerNode/build/signalCommunication/build install --record /home/ines/Desktop/RetoRos_1/ControllerNode/build/signalCommunication/install.log --single-version-externally-managed
[7.360s] Level 1:colcon.colcon_core.environment:checking '/home/ines/Desktop/RetoRos_1/ControllerNode/install/signalCommunication' for CMake module files
[7.361s] Level 1:colcon.colcon_core.environment:checking '/home/ines/Desktop/RetoRos_1/ControllerNode/install/signalCommunication' for CMake config files
[7.363s] Level 1:colcon.colcon_core.environment:checking '/home/ines/Desktop/RetoRos_1/ControllerNode/install/signalCommunication/lib'
[7.364s] Level 1:colcon.colcon_core.environment:checking '/home/ines/Desktop/RetoRos_1/ControllerNode/install/signalCommunication/bin'
[7.365s] Level 1:colcon.colcon_core.environment:checking '/home/ines/Desktop/RetoRos_1/ControllerNode/install/signalCommunication/lib/pkgconfig/signalCommunication.pc'
[7.367s] Level 1:colcon.colcon_core.environment:checking '/home/ines/Desktop/RetoRos_1/ControllerNode/install/signalCommunication/lib/python3.10/site-packages'
[7.367s] Level 1:colcon.colcon_core.shell:create_environment_hook('signalCommunication', 'pythonpath')
[7.417s] INFO:colcon.colcon_core.shell:Creating environment hook '/home/ines/Desktop/RetoRos_1/ControllerNode/install/signalCommunication/share/signalCommunication/hook/pythonpath.ps1'
[7.418s] INFO:colcon.colcon_core.shell:Creating environment descriptor '/home/ines/Desktop/RetoRos_1/ControllerNode/install/signalCommunication/share/signalCommunication/hook/pythonpath.dsv'
[7.419s] INFO:colcon.colcon_core.shell:Creating environment hook '/home/ines/Desktop/RetoRos_1/ControllerNode/install/signalCommunication/share/signalCommunication/hook/pythonpath.sh'
[7.421s] Level 1:colcon.colcon_core.environment:checking '/home/ines/Desktop/RetoRos_1/ControllerNode/install/signalCommunication/bin'
[7.421s] Level 1:colcon.colcon_core.environment:create_environment_scripts_only(signalCommunication)
[7.475s] INFO:colcon.colcon_core.shell:Creating package script '/home/ines/Desktop/RetoRos_1/ControllerNode/install/signalCommunication/share/signalCommunication/package.ps1'
[7.478s] INFO:colcon.colcon_core.shell:Creating package descriptor '/home/ines/Desktop/RetoRos_1/ControllerNode/install/signalCommunication/share/signalCommunication/package.dsv'
[7.481s] INFO:colcon.colcon_core.shell:Creating package script '/home/ines/Desktop/RetoRos_1/ControllerNode/install/signalCommunication/share/signalCommunication/package.sh'
[7.485s] INFO:colcon.colcon_core.shell:Creating package script '/home/ines/Desktop/RetoRos_1/ControllerNode/install/signalCommunication/share/signalCommunication/package.bash'
[7.488s] INFO:colcon.colcon_core.shell:Creating package script '/home/ines/Desktop/RetoRos_1/ControllerNode/install/signalCommunication/share/signalCommunication/package.zsh'
[7.490s] Level 1:colcon.colcon_core.environment:create_file_with_runtime_dependencies(/home/ines/Desktop/RetoRos_1/ControllerNode/install/signalCommunication/share/colcon-core/packages/signalCommunication)
[7.490s] DEBUG:colcon.colcon_parallel_executor.executor.parallel:closing loop
[7.491s] DEBUG:colcon.colcon_parallel_executor.executor.parallel:loop closed
[7.491s] DEBUG:colcon.colcon_parallel_executor.executor.parallel:run_until_complete finished with '0'
[7.492s] DEBUG:colcon.colcon_core.event_reactor:joining thread
[7.577s] INFO:colcon.colcon_core.plugin_system:Skipping extension 'colcon_notification.desktop_notification.terminal_notifier': Not used on non-Darwin systems
[7.578s] INFO:colcon.colcon_core.plugin_system:Skipping extension 'colcon_notification.desktop_notification.win32': Not used on non-Windows systems
[7.578s] INFO:colcon.colcon_notification.desktop_notification:Sending desktop notification using 'notify2'
[7.627s] DEBUG:colcon.colcon_core.event_reactor:joined thread
[7.701s] INFO:colcon.colcon_core.shell:Creating prefix script '/home/ines/Desktop/RetoRos_1/ControllerNode/install/local_setup.ps1'
[7.703s] INFO:colcon.colcon_core.shell:Creating prefix util module '/home/ines/Desktop/RetoRos_1/ControllerNode/install/_local_setup_util_ps1.py'
[7.707s] INFO:colcon.colcon_core.shell:Creating prefix chain script '/home/ines/Desktop/RetoRos_1/ControllerNode/install/setup.ps1'
[7.764s] INFO:colcon.colcon_core.shell:Creating prefix script '/home/ines/Desktop/RetoRos_1/ControllerNode/install/local_setup.sh'
[7.766s] INFO:colcon.colcon_core.shell:Creating prefix util module '/home/ines/Desktop/RetoRos_1/ControllerNode/install/_local_setup_util_sh.py'
[7.768s] INFO:colcon.colcon_core.shell:Creating prefix chain script '/home/ines/Desktop/RetoRos_1/ControllerNode/install/setup.sh'
[7.826s] INFO:colcon.colcon_core.shell:Creating prefix script '/home/ines/Desktop/RetoRos_1/ControllerNode/install/local_setup.bash'
[7.828s] INFO:colcon.colcon_core.shell:Creating prefix chain script '/home/ines/Desktop/RetoRos_1/ControllerNode/install/setup.bash'
[7.885s] INFO:colcon.colcon_core.shell:Creating prefix script '/home/ines/Desktop/RetoRos_1/ControllerNode/install/local_setup.zsh'
[7.886s] INFO:colcon.colcon_core.shell:Creating prefix chain script '/home/ines/Desktop/RetoRos_1/ControllerNode/install/setup.zsh'
