[2.081s] Invoking command in '/home/ines/Documents/challengesRos/signalProcess/src/signal_comm': PYTHONPATH=/home/ines/Documents/challengesRos/signalProcess/build/signal_comm/prefix_override:/home/ines/Documents/challengesRos/signalProcess/install/signal_comm/lib/python3.10/site-packages:${PYTHONPATH} /usr/bin/python3 setup.py egg_info --egg-base ../../build/signal_comm build --build-base /home/ines/Documents/challengesRos/signalProcess/build/signal_comm/build install --record /home/ines/Documents/challengesRos/signalProcess/build/signal_comm/install.log --single-version-externally-managed
[2.762s] running egg_info
[2.764s] writing ../../build/signal_comm/signal_comm.egg-info/PKG-INFO
[2.765s] writing dependency_links to ../../build/signal_comm/signal_comm.egg-info/dependency_links.txt
[2.765s] writing entry points to ../../build/signal_comm/signal_comm.egg-info/entry_points.txt
[2.766s] writing requirements to ../../build/signal_comm/signal_comm.egg-info/requires.txt
[2.766s] writing top-level names to ../../build/signal_comm/signal_comm.egg-info/top_level.txt
[2.771s] reading manifest file '../../build/signal_comm/signal_comm.egg-info/SOURCES.txt'
[2.773s] writing manifest file '../../build/signal_comm/signal_comm.egg-info/SOURCES.txt'
[2.774s] running build
[2.774s] running build_py
[2.775s] copying signal_comm/process.py -> /home/ines/Documents/challengesRos/signalProcess/build/signal_comm/build/lib/signal_comm
[2.776s] running install
[2.777s] /usr/lib/python3/dist-packages/setuptools/command/install.py:34: SetuptoolsDeprecationWarning: setup.py install is deprecated. Use build and pip and other standards-based tools.
[2.777s]   warnings.warn(
[2.778s] running install_lib
[2.780s] copying /home/ines/Documents/challengesRos/signalProcess/build/signal_comm/build/lib/signal_comm/process.py -> /home/ines/Documents/challengesRos/signalProcess/install/signal_comm/lib/python3.10/site-packages/signal_comm
[2.782s] byte-compiling /home/ines/Documents/challengesRos/signalProcess/install/signal_comm/lib/python3.10/site-packages/signal_comm/process.py to process.cpython-310.pyc
[2.784s] running install_data
[2.785s] running install_egg_info
[2.789s] removing '/home/ines/Documents/challengesRos/signalProcess/install/signal_comm/lib/python3.10/site-packages/signal_comm-0.0.0-py3.10.egg-info' (and everything under it)
[2.792s] Copying ../../build/signal_comm/signal_comm.egg-info to /home/ines/Documents/challengesRos/signalProcess/install/signal_comm/lib/python3.10/site-packages/signal_comm-0.0.0-py3.10.egg-info
[2.795s] running install_scripts
[2.846s] Installing process script to /home/ines/Documents/challengesRos/signalProcess/install/signal_comm/lib/signal_comm
[2.847s] Installing signal_generator script to /home/ines/Documents/challengesRos/signalProcess/install/signal_comm/lib/signal_comm
[2.848s] writing list of installed files to '/home/ines/Documents/challengesRos/signalProcess/build/signal_comm/install.log'
[2.901s] Invoked command in '/home/ines/Documents/challengesRos/signalProcess/src/signal_comm' returned '0': PYTHONPATH=/home/ines/Documents/challengesRos/signalProcess/build/signal_comm/prefix_override:/home/ines/Documents/challengesRos/signalProcess/install/signal_comm/lib/python3.10/site-packages:${PYTHONPATH} /usr/bin/python3 setup.py egg_info --egg-base ../../build/signal_comm build --build-base /home/ines/Documents/challengesRos/signalProcess/build/signal_comm/build install --record /home/ines/Documents/challengesRos/signalProcess/build/signal_comm/install.log --single-version-externally-managed
