[2.415s] Invoking command in '/home/ines/Documents/challengesRos/signalProcess/src/signal_comm': PYTHONPATH=/home/ines/Documents/challengesRos/signalProcess/build/signal_comm/prefix_override:/home/ines/Documents/challengesRos/signalProcess/install/signal_comm/lib/python3.10/site-packages:${PYTHONPATH} /usr/bin/python3 setup.py egg_info --egg-base ../../build/signal_comm build --build-base /home/ines/Documents/challengesRos/signalProcess/build/signal_comm/build install --record /home/ines/Documents/challengesRos/signalProcess/build/signal_comm/install.log --single-version-externally-managed
[3.135s] running egg_info
[3.137s] writing ../../build/signal_comm/signal_comm.egg-info/PKG-INFO
[3.137s] writing dependency_links to ../../build/signal_comm/signal_comm.egg-info/dependency_links.txt
[3.138s] writing entry points to ../../build/signal_comm/signal_comm.egg-info/entry_points.txt
[3.138s] writing requirements to ../../build/signal_comm/signal_comm.egg-info/requires.txt
[3.139s] writing top-level names to ../../build/signal_comm/signal_comm.egg-info/top_level.txt
[3.143s] reading manifest file '../../build/signal_comm/signal_comm.egg-info/SOURCES.txt'
[3.146s] writing manifest file '../../build/signal_comm/signal_comm.egg-info/SOURCES.txt'
[3.146s] running build
[3.147s] running build_py
[3.147s] copying signal_comm/signal_generator.py -> /home/ines/Documents/challengesRos/signalProcess/build/signal_comm/build/lib/signal_comm
[3.148s] running install
[3.149s] /usr/lib/python3/dist-packages/setuptools/command/install.py:34: SetuptoolsDeprecationWarning: setup.py install is deprecated. Use build and pip and other standards-based tools.
[3.150s]   warnings.warn(
[3.151s] running install_lib
[3.154s] copying /home/ines/Documents/challengesRos/signalProcess/build/signal_comm/build/lib/signal_comm/signal_generator.py -> /home/ines/Documents/challengesRos/signalProcess/install/signal_comm/lib/python3.10/site-packages/signal_comm
[3.156s] byte-compiling /home/ines/Documents/challengesRos/signalProcess/install/signal_comm/lib/python3.10/site-packages/signal_comm/signal_generator.py to signal_generator.cpython-310.pyc
[3.159s] running install_data
[3.162s] running install_egg_info
[3.166s] removing '/home/ines/Documents/challengesRos/signalProcess/install/signal_comm/lib/python3.10/site-packages/signal_comm-0.0.0-py3.10.egg-info' (and everything under it)
[3.167s] Copying ../../build/signal_comm/signal_comm.egg-info to /home/ines/Documents/challengesRos/signalProcess/install/signal_comm/lib/python3.10/site-packages/signal_comm-0.0.0-py3.10.egg-info
[3.169s] running install_scripts
[3.240s] Installing process script to /home/ines/Documents/challengesRos/signalProcess/install/signal_comm/lib/signal_comm
[3.240s] Installing signal_generator script to /home/ines/Documents/challengesRos/signalProcess/install/signal_comm/lib/signal_comm
[3.242s] writing list of installed files to '/home/ines/Documents/challengesRos/signalProcess/build/signal_comm/install.log'
[3.314s] Invoked command in '/home/ines/Documents/challengesRos/signalProcess/src/signal_comm' returned '0': PYTHONPATH=/home/ines/Documents/challengesRos/signalProcess/build/signal_comm/prefix_override:/home/ines/Documents/challengesRos/signalProcess/install/signal_comm/lib/python3.10/site-packages:${PYTHONPATH} /usr/bin/python3 setup.py egg_info --egg-base ../../build/signal_comm build --build-base /home/ines/Documents/challengesRos/signalProcess/build/signal_comm/build install --record /home/ines/Documents/challengesRos/signalProcess/build/signal_comm/install.log --single-version-externally-managed
