running egg_info
writing ../../build/signal_comm/signal_comm.egg-info/PKG-INFO
writing dependency_links to ../../build/signal_comm/signal_comm.egg-info/dependency_links.txt
writing entry points to ../../build/signal_comm/signal_comm.egg-info/entry_points.txt
writing requirements to ../../build/signal_comm/signal_comm.egg-info/requires.txt
writing top-level names to ../../build/signal_comm/signal_comm.egg-info/top_level.txt
reading manifest file '../../build/signal_comm/signal_comm.egg-info/SOURCES.txt'
writing manifest file '../../build/signal_comm/signal_comm.egg-info/SOURCES.txt'
running build
running build_py
copying signal_comm/signal_generator.py -> /home/ines/Documents/challengesRos/challenge2/build/signal_comm/build/lib/signal_comm
running install
running install_lib
/usr/lib/python3/dist-packages/setuptools/command/install.py:34: SetuptoolsDeprecationWarning: setup.py install is deprecated. Use build and pip and other standards-based tools.
  warnings.warn(
copying /home/ines/Documents/challengesRos/challenge2/build/signal_comm/build/lib/signal_comm/signal_generator.py -> /home/ines/Documents/challengesRos/challenge2/install/signal_comm/lib/python3.10/site-packages/signal_comm
byte-compiling /home/ines/Documents/challengesRos/challenge2/install/signal_comm/lib/python3.10/site-packages/signal_comm/signal_generator.py to signal_generator.cpython-310.pyc
running install_data
running install_egg_info
removing '/home/ines/Documents/challengesRos/challenge2/install/signal_comm/lib/python3.10/site-packages/signal_comm-0.0.0-py3.10.egg-info' (and everything under it)
Copying ../../build/signal_comm/signal_comm.egg-info to /home/ines/Documents/challengesRos/challenge2/install/signal_comm/lib/python3.10/site-packages/signal_comm-0.0.0-py3.10.egg-info
running install_scripts
Installing process script to /home/ines/Documents/challengesRos/challenge2/install/signal_comm/lib/signal_comm
Installing signal_generator script to /home/ines/Documents/challengesRos/challenge2/install/signal_comm/lib/signal_comm
writing list of installed files to '/home/ines/Documents/challengesRos/challenge2/build/signal_comm/install.log'
