[2.187s] Invoking command in '/home/ines/Documents/challengesRos/challenge2/src/signal_comm': PYTHONPATH=/home/ines/Documents/challengesRos/challenge2/build/signal_comm/prefix_override:/home/ines/Documents/challengesRos/challenge2/install/signal_comm/lib/python3.10/site-packages:${PYTHONPATH} /usr/bin/python3 setup.py egg_info --egg-base ../../build/signal_comm build --build-base /home/ines/Documents/challengesRos/challenge2/build/signal_comm/build install --record /home/ines/Documents/challengesRos/challenge2/build/signal_comm/install.log --single-version-externally-managed
[2.889s] running egg_info
[2.892s] writing ../../build/signal_comm/signal_comm.egg-info/PKG-INFO
[2.893s] writing dependency_links to ../../build/signal_comm/signal_comm.egg-info/dependency_links.txt
[2.894s] writing entry points to ../../build/signal_comm/signal_comm.egg-info/entry_points.txt
[2.894s] writing requirements to ../../build/signal_comm/signal_comm.egg-info/requires.txt
[2.895s] writing top-level names to ../../build/signal_comm/signal_comm.egg-info/top_level.txt
[2.901s] reading manifest file '../../build/signal_comm/signal_comm.egg-info/SOURCES.txt'
[2.905s] writing manifest file '../../build/signal_comm/signal_comm.egg-info/SOURCES.txt'
[2.905s] running build
[2.906s] running build_py
[2.908s] running install
[2.909s] /usr/lib/python3/dist-packages/setuptools/command/install.py:34: SetuptoolsDeprecationWarning: setup.py install is deprecated. Use build and pip and other standards-based tools.
[2.909s]   warnings.warn(
[2.910s] running install_lib
[2.914s] running install_data
[2.916s] running install_egg_info
[2.921s] removing '/home/ines/Documents/challengesRos/challenge2/install/signal_comm/lib/python3.10/site-packages/signal_comm-0.0.0-py3.10.egg-info' (and everything under it)
[2.923s] Copying ../../build/signal_comm/signal_comm.egg-info to /home/ines/Documents/challengesRos/challenge2/install/signal_comm/lib/python3.10/site-packages/signal_comm-0.0.0-py3.10.egg-info
[2.927s] running install_scripts
[2.982s] Installing process script to /home/ines/Documents/challengesRos/challenge2/install/signal_comm/lib/signal_comm
[2.983s] Installing signal_generator script to /home/ines/Documents/challengesRos/challenge2/install/signal_comm/lib/signal_comm
[2.984s] writing list of installed files to '/home/ines/Documents/challengesRos/challenge2/build/signal_comm/install.log'
[3.038s] Invoked command in '/home/ines/Documents/challengesRos/challenge2/src/signal_comm' returned '0': PYTHONPATH=/home/ines/Documents/challengesRos/challenge2/build/signal_comm/prefix_override:/home/ines/Documents/challengesRos/challenge2/install/signal_comm/lib/python3.10/site-packages:${PYTHONPATH} /usr/bin/python3 setup.py egg_info --egg-base ../../build/signal_comm build --build-base /home/ines/Documents/challengesRos/challenge2/build/signal_comm/build install --record /home/ines/Documents/challengesRos/challenge2/build/signal_comm/install.log --single-version-externally-managed
