running egg_info
writing ../../build/signalCommunication/signalCommunication.egg-info/PKG-INFO
writing dependency_links to ../../build/signalCommunication/signalCommunication.egg-info/dependency_links.txt
writing entry points to ../../build/signalCommunication/signalCommunication.egg-info/entry_points.txt
writing requirements to ../../build/signalCommunication/signalCommunication.egg-info/requires.txt
writing top-level names to ../../build/signalCommunication/signalCommunication.egg-info/top_level.txt
reading manifest file '../../build/signalCommunication/signalCommunication.egg-info/SOURCES.txt'
adding license file 'LICENSE'
writing manifest file '../../build/signalCommunication/signalCommunication.egg-info/SOURCES.txt'
running build
running build_py
running install
running install_lib
running install_data
running install_egg_info
removing '/home/ines/Desktop/RetoRos_1/ControllerNode/install/signalCommunication/lib/python3.10/site-packages/signalCommunication-0.0.0-py3.10.egg-info' (and everything under it)
Copying ../../build/signalCommunication/signalCommunication.egg-info to /home/ines/Desktop/RetoRos_1/ControllerNode/install/signalCommunication/lib/python3.10/site-packages/signalCommunication-0.0.0-py3.10.egg-info
running install_scripts
Installing signalGenerator script to /home/ines/Desktop/RetoRos_1/ControllerNode/install/signalCommunication/lib/signalCommunication
writing list of installed files to '/home/ines/Desktop/RetoRos_1/ControllerNode/build/signalCommunication/install.log'
