[3.312s] DEBUG:colcon:Command line arguments: ['/usr/bin/colcon', 'build']
[3.313s] DEBUG:colcon:Parsed command line arguments: Namespace(log_base=None, log_level=None, verb_name='build', build_base='build', install_base='install', merge_install=False, symlink_install=False, test_result_base=None, continue_on_error=False, executor='parallel', parallel_workers=4, event_handlers=None, ignore_user_meta=False, metas=['./colcon.meta'], base_paths=['.'], packages_ignore=None, packages_ignore_regex=None, paths=None, packages_up_to=None, packages_up_to_regex=None, packages_above=None, packages_above_and_dependencies=None, packages_above_depth=None, packages_select_by_dep=None, packages_skip_by_dep=None, packages_skip_up_to=None, packages_select_build_failed=False, packages_skip_build_finished=False, packages_select_test_failures=False, packages_skip_test_passed=False, packages_select=None, packages_skip=None, packages_select_regex=None, packages_skip_regex=None, packages_start=None, packages_end=None, allow_overriding=[], cmake_args=None, cmake_target=None, cmake_target_skip_unavailable=False, cmake_clean_cache=False, cmake_clean_first=False, cmake_force_configure=False, ament_cmake_args=None, catkin_cmake_args=None, catkin_skip_building_tests=False, verb_parser=<colcon_defaults.argument_parser.defaults.DefaultArgumentsDecorator object at 0x7f719a7f42e0>, verb_extension=<colcon_core.verb.build.BuildVerb object at 0x7f719aa3ceb0>, main=<bound method BuildVerb.main of <colcon_core.verb.build.BuildVerb object at 0x7f719aa3ceb0>>)
[3.478s] Level 1:colcon.colcon_core.package_discovery:discover_packages(colcon_meta) check parameters
[3.478s] Level 1:colcon.colcon_core.package_discovery:discover_packages(recursive) check parameters
[3.479s] Level 1:colcon.colcon_core.package_discovery:discover_packages(ignore) check parameters
[3.479s] Level 1:colcon.colcon_core.package_discovery:discover_packages(path) check parameters
[3.479s] Level 1:colcon.colcon_core.package_discovery:discover_packages(colcon_meta) discover
[3.479s] Level 1:colcon.colcon_core.package_discovery:discover_packages(recursive) discover
[3.479s] INFO:colcon.colcon_core.package_discovery:Crawling recursively for packages in '/home/ines/Documents/challengesRos/signalProcess'
[3.480s] Level 1:colcon.colcon_core.package_identification:_identify(.) by extensions ['ignore', 'ignore_ament_install']
[3.480s] Level 1:colcon.colcon_core.package_identification:_identify(.) by extension 'ignore'
[3.480s] Level 1:colcon.colcon_core.package_identification:_identify(.) by extension 'ignore_ament_install'
[3.481s] Level 1:colcon.colcon_core.package_identification:_identify(.) by extensions ['colcon_pkg']
[3.481s] Level 1:colcon.colcon_core.package_identification:_identify(.) by extension 'colcon_pkg'
[3.481s] Level 1:colcon.colcon_core.package_identification:_identify(.) by extensions ['colcon_meta']
[3.481s] Level 1:colcon.colcon_core.package_identification:_identify(.) by extension 'colcon_meta'
[3.482s] Level 1:colcon.colcon_core.package_identification:_identify(.) by extensions ['ros']
[3.482s] Level 1:colcon.colcon_core.package_identification:_identify(.) by extension 'ros'
[3.523s] Level 1:colcon.colcon_core.package_identification:_identify(.) by extensions ['cmake', 'python']
[3.524s] Level 1:colcon.colcon_core.package_identification:_identify(.) by extension 'cmake'
[3.524s] Level 1:colcon.colcon_core.package_identification:_identify(.) by extension 'python'
[3.524s] Level 1:colcon.colcon_core.package_identification:_identify(.) by extensions ['python_setup_py']
[3.524s] Level 1:colcon.colcon_core.package_identification:_identify(.) by extension 'python_setup_py'
[3.525s] Level 1:colcon.colcon_core.package_identification:_identify(build) by extensions ['ignore', 'ignore_ament_install']
[3.525s] Level 1:colcon.colcon_core.package_identification:_identify(build) by extension 'ignore'
[3.525s] Level 1:colcon.colcon_core.package_identification:_identify(build) ignored
[3.526s] Level 1:colcon.colcon_core.package_identification:_identify(install) by extensions ['ignore', 'ignore_ament_install']
[3.526s] Level 1:colcon.colcon_core.package_identification:_identify(install) by extension 'ignore'
[3.526s] Level 1:colcon.colcon_core.package_identification:_identify(install) ignored
[3.527s] Level 1:colcon.colcon_core.package_identification:_identify(log) by extensions ['ignore', 'ignore_ament_install']
[3.527s] Level 1:colcon.colcon_core.package_identification:_identify(log) by extension 'ignore'
[3.527s] Level 1:colcon.colcon_core.package_identification:_identify(log) ignored
[3.528s] Level 1:colcon.colcon_core.package_identification:_identify(src) by extensions ['ignore', 'ignore_ament_install']
[3.528s] Level 1:colcon.colcon_core.package_identification:_identify(src) by extension 'ignore'
[3.528s] Level 1:colcon.colcon_core.package_identification:_identify(src) by extension 'ignore_ament_install'
[3.529s] Level 1:colcon.colcon_core.package_identification:_identify(src) by extensions ['colcon_pkg']
[3.529s] Level 1:colcon.colcon_core.package_identification:_identify(src) by extension 'colcon_pkg'
[3.529s] Level 1:colcon.colcon_core.package_identification:_identify(src) by extensions ['colcon_meta']
[3.529s] Level 1:colcon.colcon_core.package_identification:_identify(src) by extension 'colcon_meta'
[3.530s] Level 1:colcon.colcon_core.package_identification:_identify(src) by extensions ['ros']
[3.530s] Level 1:colcon.colcon_core.package_identification:_identify(src) by extension 'ros'
[3.530s] Level 1:colcon.colcon_core.package_identification:_identify(src) by extensions ['cmake', 'python']
[3.530s] Level 1:colcon.colcon_core.package_identification:_identify(src) by extension 'cmake'
[3.531s] Level 1:colcon.colcon_core.package_identification:_identify(src) by extension 'python'
[3.531s] Level 1:colcon.colcon_core.package_identification:_identify(src) by extensions ['python_setup_py']
[3.531s] Level 1:colcon.colcon_core.package_identification:_identify(src) by extension 'python_setup_py'
[3.531s] Level 1:colcon.colcon_core.package_identification:_identify(src/signal_comm) by extensions ['ignore', 'ignore_ament_install']
[3.532s] Level 1:colcon.colcon_core.package_identification:_identify(src/signal_comm) by extension 'ignore'
[3.532s] Level 1:colcon.colcon_core.package_identification:_identify(src/signal_comm) by extension 'ignore_ament_install'
[3.532s] Level 1:colcon.colcon_core.package_identification:_identify(src/signal_comm) by extensions ['colcon_pkg']
[3.532s] Level 1:colcon.colcon_core.package_identification:_identify(src/signal_comm) by extension 'colcon_pkg'
[3.532s] Level 1:colcon.colcon_core.package_identification:_identify(src/signal_comm) by extensions ['colcon_meta']
[3.532s] Level 1:colcon.colcon_core.package_identification:_identify(src/signal_comm) by extension 'colcon_meta'
[3.532s] Level 1:colcon.colcon_core.package_identification:_identify(src/signal_comm) by extensions ['ros']
[3.532s] Level 1:colcon.colcon_core.package_identification:_identify(src/signal_comm) by extension 'ros'
[3.539s] DEBUG:colcon.colcon_core.package_identification:Package 'src/signal_comm' with type 'ros.ament_python' and name 'signal_comm'
[3.539s] Level 1:colcon.colcon_core.package_discovery:discover_packages(recursive) using defaults
[3.539s] Level 1:colcon.colcon_core.package_discovery:discover_packages(ignore) discover
[3.539s] Level 1:colcon.colcon_core.package_discovery:discover_packages(ignore) using defaults
[3.539s] Level 1:colcon.colcon_core.package_discovery:discover_packages(path) discover
[3.539s] Level 1:colcon.colcon_core.package_discovery:discover_packages(path) using defaults
[3.814s] Level 1:colcon.colcon_core.package_discovery:discover_packages(prefix_path) check parameters
[3.815s] Level 1:colcon.colcon_core.package_discovery:discover_packages(prefix_path) discover
[3.908s] DEBUG:colcon.colcon_installed_package_information.package_discovery:Found 1 installed packages in /home/ines/Documents/challengesRos/signalProcess/install
[3.954s] DEBUG:colcon.colcon_installed_package_information.package_discovery:Found 1 installed packages in /home/ines/Documents/challengesRos/challenge1/install
[4.002s] DEBUG:colcon.colcon_installed_package_information.package_discovery:Found 270 installed packages in /opt/ros/humble
[4.006s] Level 1:colcon.colcon_core.package_discovery:discover_packages(prefix_path) using defaults
[4.343s] Level 5:colcon.colcon_core.verb:set package 'signal_comm' build argument 'cmake_args' from command line to 'None'
[4.343s] Level 5:colcon.colcon_core.verb:set package 'signal_comm' build argument 'cmake_target' from command line to 'None'
[4.343s] Level 5:colcon.colcon_core.verb:set package 'signal_comm' build argument 'cmake_target_skip_unavailable' from command line to 'False'
[4.343s] Level 5:colcon.colcon_core.verb:set package 'signal_comm' build argument 'cmake_clean_cache' from command line to 'False'
[4.343s] Level 5:colcon.colcon_core.verb:set package 'signal_comm' build argument 'cmake_clean_first' from command line to 'False'
[4.344s] Level 5:colcon.colcon_core.verb:set package 'signal_comm' build argument 'cmake_force_configure' from command line to 'False'
[4.344s] Level 5:colcon.colcon_core.verb:set package 'signal_comm' build argument 'ament_cmake_args' from command line to 'None'
[4.344s] Level 5:colcon.colcon_core.verb:set package 'signal_comm' build argument 'catkin_cmake_args' from command line to 'None'
[4.344s] Level 5:colcon.colcon_core.verb:set package 'signal_comm' build argument 'catkin_skip_building_tests' from command line to 'False'
[4.344s] DEBUG:colcon.colcon_core.verb:Building package 'signal_comm' with the following arguments: {'ament_cmake_args': None, 'build_base': '/home/ines/Documents/challengesRos/signalProcess/build/signal_comm', 'catkin_cmake_args': None, 'catkin_skip_building_tests': False, 'cmake_args': None, 'cmake_clean_cache': False, 'cmake_clean_first': False, 'cmake_force_configure': False, 'cmake_target': None, 'cmake_target_skip_unavailable': False, 'install_base': '/home/ines/Documents/challengesRos/signalProcess/install/signal_comm', 'merge_install': False, 'path': '/home/ines/Documents/challengesRos/signalProcess/src/signal_comm', 'symlink_install': False, 'test_result_base': None}
[4.389s] INFO:colcon.colcon_core.executor:Executing jobs using 'parallel' executor
[4.444s] DEBUG:colcon.colcon_parallel_executor.executor.parallel:run_until_complete
[4.445s] INFO:colcon.colcon_ros.task.ament_python.build:Building ROS package in '/home/ines/Documents/challengesRos/signalProcess/src/signal_comm' with build type 'ament_python'
[4.445s] Level 1:colcon.colcon_core.shell:create_environment_hook('signal_comm', 'ament_prefix_path')
[4.531s] INFO:colcon.colcon_core.plugin_system:Skipping extension 'colcon_core.shell.bat': Not used on non-Windows systems
[4.532s] INFO:colcon.colcon_core.shell:Creating environment hook '/home/ines/Documents/challengesRos/signalProcess/install/signal_comm/share/signal_comm/hook/ament_prefix_path.ps1'
[4.533s] INFO:colcon.colcon_core.shell:Creating environment descriptor '/home/ines/Documents/challengesRos/signalProcess/install/signal_comm/share/signal_comm/hook/ament_prefix_path.dsv'
[4.534s] INFO:colcon.colcon_core.shell:Creating environment hook '/home/ines/Documents/challengesRos/signalProcess/install/signal_comm/share/signal_comm/hook/ament_prefix_path.sh'
[4.615s] INFO:colcon.colcon_core.shell:Skip shell extension 'powershell' for command environment: Not usable outside of PowerShell
[4.616s] DEBUG:colcon.colcon_core.shell:Skip shell extension 'dsv' for command environment
[5.612s] INFO:colcon.colcon_core.task.python.build:Building Python package in '/home/ines/Documents/challengesRos/signalProcess/src/signal_comm'
[5.662s] INFO:colcon.colcon_core.shell:Skip shell extension 'powershell' for command environment: Not usable outside of PowerShell
[5.662s] DEBUG:colcon.colcon_core.shell:Skip shell extension 'dsv' for command environment
[6.854s] DEBUG:colcon.colcon_core.event_handler.log_command:Invoking command in '/home/ines/Documents/challengesRos/signalProcess/src/signal_comm': PYTHONPATH=/home/ines/Documents/challengesRos/signalProcess/build/signal_comm/prefix_override:/home/ines/Documents/challengesRos/signalProcess/install/signal_comm/lib/python3.10/site-packages:${PYTHONPATH} /usr/bin/python3 setup.py egg_info --egg-base ../../build/signal_comm build --build-base /home/ines/Documents/challengesRos/signalProcess/build/signal_comm/build install --record /home/ines/Documents/challengesRos/signalProcess/build/signal_comm/install.log --single-version-externally-managed
[7.728s] DEBUG:colcon.colcon_core.event_handler.log_command:Invoked command in '/home/ines/Documents/challengesRos/signalProcess/src/signal_comm' returned '0': PYTHONPATH=/home/ines/Documents/challengesRos/signalProcess/build/signal_comm/prefix_override:/home/ines/Documents/challengesRos/signalProcess/install/signal_comm/lib/python3.10/site-packages:${PYTHONPATH} /usr/bin/python3 setup.py egg_info --egg-base ../../build/signal_comm build --build-base /home/ines/Documents/challengesRos/signalProcess/build/signal_comm/build install --record /home/ines/Documents/challengesRos/signalProcess/build/signal_comm/install.log --single-version-externally-managed
[7.788s] Level 1:colcon.colcon_core.environment:checking '/home/ines/Documents/challengesRos/signalProcess/install/signal_comm' for CMake module files
[7.790s] Level 1:colcon.colcon_core.environment:checking '/home/ines/Documents/challengesRos/signalProcess/install/signal_comm' for CMake config files
[7.792s] Level 1:colcon.colcon_core.environment:checking '/home/ines/Documents/challengesRos/signalProcess/install/signal_comm/lib'
[7.794s] Level 1:colcon.colcon_core.environment:checking '/home/ines/Documents/challengesRos/signalProcess/install/signal_comm/bin'
[7.795s] Level 1:colcon.colcon_core.environment:checking '/home/ines/Documents/challengesRos/signalProcess/install/signal_comm/lib/pkgconfig/signal_comm.pc'
[7.797s] Level 1:colcon.colcon_core.environment:checking '/home/ines/Documents/challengesRos/signalProcess/install/signal_comm/lib/python3.10/site-packages'
[7.798s] Level 1:colcon.colcon_core.shell:create_environment_hook('signal_comm', 'pythonpath')
[7.850s] INFO:colcon.colcon_core.shell:Creating environment hook '/home/ines/Documents/challengesRos/signalProcess/install/signal_comm/share/signal_comm/hook/pythonpath.ps1'
[7.851s] INFO:colcon.colcon_core.shell:Creating environment descriptor '/home/ines/Documents/challengesRos/signalProcess/install/signal_comm/share/signal_comm/hook/pythonpath.dsv'
[7.852s] INFO:colcon.colcon_core.shell:Creating environment hook '/home/ines/Documents/challengesRos/signalProcess/install/signal_comm/share/signal_comm/hook/pythonpath.sh'
[7.854s] Level 1:colcon.colcon_core.environment:checking '/home/ines/Documents/challengesRos/signalProcess/install/signal_comm/bin'
[7.854s] Level 1:colcon.colcon_core.environment:create_environment_scripts_only(signal_comm)
[7.927s] INFO:colcon.colcon_core.shell:Creating package script '/home/ines/Documents/challengesRos/signalProcess/install/signal_comm/share/signal_comm/package.ps1'
[7.930s] INFO:colcon.colcon_core.shell:Creating package descriptor '/home/ines/Documents/challengesRos/signalProcess/install/signal_comm/share/signal_comm/package.dsv'
[7.932s] INFO:colcon.colcon_core.shell:Creating package script '/home/ines/Documents/challengesRos/signalProcess/install/signal_comm/share/signal_comm/package.sh'
[7.934s] INFO:colcon.colcon_core.shell:Creating package script '/home/ines/Documents/challengesRos/signalProcess/install/signal_comm/share/signal_comm/package.bash'
[7.936s] INFO:colcon.colcon_core.shell:Creating package script '/home/ines/Documents/challengesRos/signalProcess/install/signal_comm/share/signal_comm/package.zsh'
[7.937s] Level 1:colcon.colcon_core.environment:create_file_with_runtime_dependencies(/home/ines/Documents/challengesRos/signalProcess/install/signal_comm/share/colcon-core/packages/signal_comm)
[7.938s] DEBUG:colcon.colcon_parallel_executor.executor.parallel:closing loop
[7.939s] DEBUG:colcon.colcon_parallel_executor.executor.parallel:loop closed
[7.940s] DEBUG:colcon.colcon_parallel_executor.executor.parallel:run_until_complete finished with '0'
[7.941s] DEBUG:colcon.colcon_core.event_reactor:joining thread
[8.050s] INFO:colcon.colcon_core.plugin_system:Skipping extension 'colcon_notification.desktop_notification.terminal_notifier': Not used on non-Darwin systems
[8.051s] INFO:colcon.colcon_core.plugin_system:Skipping extension 'colcon_notification.desktop_notification.win32': Not used on non-Windows systems
[8.051s] INFO:colcon.colcon_notification.desktop_notification:Sending desktop notification using 'notify2'
[8.099s] DEBUG:colcon.colcon_core.event_reactor:joined thread
[8.152s] INFO:colcon.colcon_core.shell:Creating prefix script '/home/ines/Documents/challengesRos/signalProcess/install/local_setup.ps1'
[8.155s] INFO:colcon.colcon_core.shell:Creating prefix util module '/home/ines/Documents/challengesRos/signalProcess/install/_local_setup_util_ps1.py'
[8.158s] INFO:colcon.colcon_core.shell:Creating prefix chain script '/home/ines/Documents/challengesRos/signalProcess/install/setup.ps1'
[8.210s] INFO:colcon.colcon_core.shell:Creating prefix script '/home/ines/Documents/challengesRos/signalProcess/install/local_setup.sh'
[8.213s] INFO:colcon.colcon_core.shell:Creating prefix util module '/home/ines/Documents/challengesRos/signalProcess/install/_local_setup_util_sh.py'
[8.214s] INFO:colcon.colcon_core.shell:Creating prefix chain script '/home/ines/Documents/challengesRos/signalProcess/install/setup.sh'
[8.276s] INFO:colcon.colcon_core.shell:Creating prefix script '/home/ines/Documents/challengesRos/signalProcess/install/local_setup.bash'
[8.277s] INFO:colcon.colcon_core.shell:Creating prefix chain script '/home/ines/Documents/challengesRos/signalProcess/install/setup.bash'
[8.334s] INFO:colcon.colcon_core.shell:Creating prefix script '/home/ines/Documents/challengesRos/signalProcess/install/local_setup.zsh'
[8.336s] INFO:colcon.colcon_core.shell:Creating prefix chain script '/home/ines/Documents/challengesRos/signalProcess/install/setup.zsh'
